<?xml version="1.0" ?>
<!DOCTYPE coverage SYSTEM "http://cobertura.sourceforge.net/xml/coverage-04.dtd">
<coverage lines-valid="764" lines-covered="230" line-rate="0.301" branches-valid="1061" branches-covered="189" branch-rate="0.17809999999999998" timestamp="1766257785083" complexity="0" version="0.1">
  <sources>
    <source>/Users/adamcabrera/Dev/arcgis-experience-builder-1.19/client</source>
  </sources>
  <packages>
    <package name="query-simple.src.runtime" line-rate="0.2735" branch-rate="0.1454">
      <classes>
        <class name="query-utils.ts" filename="your-extensions/widgets/query-simple/src/runtime/query-utils.ts" line-rate="0.3982" branch-rate="0.4269">
          <methods>
            <method name="combineFields" hits="7" signature="()V">
              <lines>
                <line number="18" hits="7"/>
              </lines>
            </method>
            <method name="(anonymous_8)" hits="9" signature="()V">
              <lines>
                <line number="20" hits="9"/>
              </lines>
            </method>
            <method name="(anonymous_9)" hits="7" signature="()V">
              <lines>
                <line number="24" hits="7"/>
              </lines>
            </method>
            <method name="getPopupTemplate" hits="0" signature="()V">
              <lines>
                <line number="33" hits="0"/>
              </lines>
            </method>
            <method name="(anonymous_12)" hits="0" signature="()V">
              <lines>
                <line number="46" hits="0"/>
              </lines>
            </method>
            <method name="(anonymous_13)" hits="0" signature="()V">
              <lines>
                <line number="51" hits="0"/>
              </lines>
            </method>
            <method name="(anonymous_14)" hits="0" signature="()V">
              <lines>
                <line number="58" hits="0"/>
              </lines>
            </method>
            <method name="(anonymous_15)" hits="0" signature="()V">
              <lines>
                <line number="59" hits="0"/>
              </lines>
            </method>
            <method name="(anonymous_16)" hits="0" signature="()V">
              <lines>
                <line number="82" hits="0"/>
              </lines>
            </method>
            <method name="generateQueryParams" hits="5" signature="()V">
              <lines>
                <line number="106" hits="5"/>
              </lines>
            </method>
            <method name="(anonymous_18)" hits="0" signature="()V">
              <lines>
                <line number="133" hits="0"/>
              </lines>
            </method>
            <method name="(anonymous_19)" hits="0" signature="()V">
              <lines>
                <line number="134" hits="0"/>
              </lines>
            </method>
            <method name="(anonymous_20)" hits="0" signature="()V">
              <lines>
                <line number="135" hits="0"/>
              </lines>
            </method>
            <method name="(anonymous_21)" hits="2" signature="()V">
              <lines>
                <line number="156" hits="2"/>
              </lines>
            </method>
            <method name="(anonymous_22)" hits="0" signature="()V">
              <lines>
                <line number="209" hits="0"/>
              </lines>
            </method>
            <method name="executeCountQuery" hits="0" signature="()V">
              <lines>
                <line number="216" hits="0"/>
              </lines>
            </method>
            <method name="executeQuery" hits="0" signature="()V">
              <lines>
                <line number="225" hits="0"/>
              </lines>
            </method>
            <method name="(anonymous_27)" hits="0" signature="()V">
              <lines>
                <line number="234" hits="0"/>
              </lines>
            </method>
            <method name="(anonymous_28)" hits="0" signature="()V">
              <lines>
                <line number="238" hits="0"/>
              </lines>
            </method>
            <method name="(anonymous_29)" hits="0" signature="()V">
              <lines>
                <line number="239" hits="0"/>
              </lines>
            </method>
            <method name="(anonymous_30)" hits="0" signature="()V">
              <lines>
                <line number="267" hits="0"/>
              </lines>
            </method>
            <method name="(anonymous_31)" hits="0" signature="()V">
              <lines>
                <line number="276" hits="0"/>
              </lines>
            </method>
            <method name="getLayerObject" hits="0" signature="()V">
              <lines>
                <line number="292" hits="0"/>
              </lines>
            </method>
          </methods>
          <lines>
            <line number="1" hits="2" branch="false"/>
            <line number="15" hits="2" branch="false"/>
            <line number="16" hits="2" branch="false"/>
            <line number="18" hits="2" branch="false"/>
            <line number="19" hits="7" branch="false"/>
            <line number="20" hits="9" branch="true" condition-coverage="75% (3/4)"/>
            <line number="21" hits="7" branch="true" condition-coverage="100% (2/2)"/>
            <line number="22" hits="6" branch="false"/>
            <line number="23" hits="6" branch="true" condition-coverage="66.66666666666666% (4/6)"/>
            <line number="24" hits="7" branch="false"/>
            <line number="27" hits="7" branch="true" condition-coverage="50% (1/2)"/>
            <line number="28" hits="7" branch="false"/>
            <line number="30" hits="7" branch="false"/>
            <line number="33" hits="2" branch="false"/>
            <line number="37" hits="0" branch="true" condition-coverage="0% (0/1)"/>
            <line number="38" hits="0" branch="false"/>
            <line number="39" hits="0" branch="false"/>
            <line number="41" hits="0" branch="true" condition-coverage="0% (0/2)"/>
            <line number="43" hits="0" branch="true" condition-coverage="0% (0/2)"/>
            <line number="44" hits="0" branch="false"/>
            <line number="45" hits="0" branch="true" condition-coverage="0% (0/2)"/>
            <line number="46" hits="0" branch="false"/>
            <line number="47" hits="0" branch="false"/>
            <line number="50" hits="0" branch="false"/>
            <line number="51" hits="0" branch="true" condition-coverage="0% (0/6)"/>
            <line number="54" hits="0" branch="false"/>
            <line number="56" hits="0" branch="true" condition-coverage="0% (0/2)"/>
            <line number="57" hits="0" branch="false"/>
            <line number="58" hits="0" branch="false"/>
            <line number="59" hits="0" branch="false"/>
            <line number="60" hits="0" branch="true" condition-coverage="0% (0/2)"/>
            <line number="61" hits="0" branch="false"/>
            <line number="62" hits="0" branch="false"/>
            <line number="64" hits="0" branch="false"/>
            <line number="70" hits="0" branch="false"/>
            <line number="80" hits="0" branch="false"/>
            <line number="82" hits="0" branch="false"/>
            <line number="95" hits="0" branch="true" condition-coverage="0% (0/2)"/>
            <line number="96" hits="0" branch="false"/>
            <line number="98" hits="0" branch="false"/>
            <line number="100" hits="0" branch="true" condition-coverage="0% (0/2)"/>
            <line number="101" hits="0" branch="false"/>
            <line number="103" hits="0" branch="true" condition-coverage="0% (0/14)"/>
            <line number="106" hits="2" branch="false"/>
            <line number="114" hits="5" branch="false"/>
            <line number="115" hits="5" branch="false"/>
            <line number="116" hits="5" branch="true" condition-coverage="75% (3/4)"/>
            <line number="117" hits="5" branch="true" condition-coverage="50% (1/2)"/>
            <line number="118" hits="0" branch="false"/>
            <line number="121" hits="5" branch="false"/>
            <line number="127" hits="5" branch="false"/>
            <line number="128" hits="5" branch="true" condition-coverage="100% (4/4)"/>
            <line number="129" hits="4" branch="true" condition-coverage="50% (1/2)"/>
            <line number="132" hits="1" branch="false"/>
            <line number="133" hits="1" branch="true" condition-coverage="75% (3/4)"/>
            <line number="134" hits="1" branch="true" condition-coverage="60% (6/10)"/>
            <line number="135" hits="1" branch="true" condition-coverage="66.66666666666666% (4/6)"/>
            <line number="138" hits="1" branch="false"/>
            <line number="139" hits="1" branch="true" condition-coverage="75% (3/4)"/>
            <line number="140" hits="1" branch="false"/>
            <line number="144" hits="5" branch="true" condition-coverage="75% (3/4)"/>
            <line number="155" hits="5" branch="true" condition-coverage="100% (4/4)"/>
            <line number="156" hits="2" branch="false"/>
            <line number="159" hits="2" branch="false"/>
            <line number="162" hits="2" branch="true" condition-coverage="50% (1/2)"/>
            <line number="163" hits="2" branch="false"/>
            <line number="164" hits="2" branch="false"/>
            <line number="169" hits="5" branch="false"/>
            <line number="183" hits="5" branch="true" condition-coverage="75% (3/4)"/>
            <line number="184" hits="0" branch="false"/>
            <line number="188" hits="5" branch="false"/>
            <line number="194" hits="5" branch="true" condition-coverage="25% (2/8)"/>
            <line number="195" hits="0" branch="true" condition-coverage="0% (0/1)"/>
            <line number="197" hits="0" branch="false"/>
            <line number="204" hits="0" branch="false"/>
            <line number="207" hits="5" branch="true" condition-coverage="66.66666666666666% (4/6)"/>
            <line number="208" hits="0" branch="false"/>
            <line number="209" hits="0" branch="false"/>
            <line number="213" hits="5" branch="false"/>
            <line number="216" hits="2" branch="false"/>
            <line number="221" hits="0" branch="false"/>
            <line number="222" hits="0" branch="true" condition-coverage="0% (0/2)"/>
            <line number="225" hits="2" branch="false"/>
            <line number="231" hits="0" branch="false"/>
            <line number="233" hits="0" branch="false"/>
            <line number="234" hits="0" branch="false"/>
            <line number="235" hits="0" branch="false"/>
            <line number="238" hits="0" branch="true" condition-coverage="0% (0/2)"/>
            <line number="239" hits="0" branch="true" condition-coverage="0% (0/6)"/>
            <line number="252" hits="0" branch="false"/>
            <line number="253" hits="0" branch="false"/>
            <line number="254" hits="0" branch="false"/>
            <line number="256" hits="0" branch="true" condition-coverage="0% (0/2)"/>
            <line number="257" hits="0" branch="false"/>
            <line number="259" hits="0" branch="false"/>
            <line number="261" hits="0" branch="false"/>
            <line number="262" hits="0" branch="false"/>
            <line number="263" hits="0" branch="false"/>
            <line number="265" hits="0" branch="false"/>
            <line number="267" hits="0" branch="false"/>
            <line number="268" hits="0" branch="false"/>
            <line number="269" hits="0" branch="true" condition-coverage="0% (0/2)"/>
            <line number="270" hits="0" branch="true" condition-coverage="0% (0/2)"/>
            <line number="272" hits="0" branch="false"/>
            <line number="274" hits="0" branch="false"/>
            <line number="276" hits="0" branch="false"/>
            <line number="280" hits="0" branch="false"/>
            <line number="287" hits="0" branch="false"/>
            <line number="289" hits="0" branch="false"/>
            <line number="293" hits="0" branch="false"/>
            <line number="295" hits="0" branch="true" condition-coverage="0% (0/2)"/>
            <line number="296" hits="0" branch="false"/>
            <line number="298" hits="0" branch="false"/>
          </lines>
        </class>
        <class name="results-management-utils.ts" filename="your-extensions/widgets/query-simple/src/runtime/results-management-utils.ts" line-rate="0.4537" branch-rate="0.2735">
          <methods>
            <method name="getRecordKey" hits="9" signature="()V">
              <lines>
                <line number="21" hits="9"/>
              </lines>
            </method>
            <method name="createAccumulatedResultsDataSource" hits="0" signature="()V">
              <lines>
                <line number="49" hits="0"/>
              </lines>
            </method>
            <method name="mergeResultsIntoAccumulated" hits="1" signature="()V">
              <lines>
                <line number="127" hits="1"/>
              </lines>
            </method>
            <method name="(anonymous_11)" hits="1" signature="()V">
              <lines>
                <line number="141" hits="1"/>
              </lines>
            </method>
            <method name="(anonymous_12)" hits="2" signature="()V">
              <lines>
                <line number="151" hits="2"/>
              </lines>
            </method>
            <method name="removeResultsFromAccumulated" hits="2" signature="()V">
              <lines>
                <line number="199" hits="2"/>
              </lines>
            </method>
            <method name="(anonymous_14)" hits="1" signature="()V">
              <lines>
                <line number="232" hits="1"/>
              </lines>
            </method>
            <method name="(anonymous_15)" hits="3" signature="()V">
              <lines>
                <line number="245" hits="3"/>
              </lines>
            </method>
            <method name="removeRecordsFromOriginSelections" hits="0" signature="()V">
              <lines>
                <line number="286" hits="0"/>
              </lines>
            </method>
            <method name="(anonymous_17)" hits="0" signature="()V">
              <lines>
                <line number="312" hits="0"/>
              </lines>
            </method>
            <method name="(anonymous_18)" hits="0" signature="()V">
              <lines>
                <line number="325" hits="0"/>
              </lines>
            </method>
            <method name="(anonymous_19)" hits="0" signature="()V">
              <lines>
                <line number="348" hits="0"/>
              </lines>
            </method>
            <method name="(anonymous_20)" hits="0" signature="()V">
              <lines>
                <line number="355" hits="0"/>
              </lines>
            </method>
            <method name="(anonymous_21)" hits="0" signature="()V">
              <lines>
                <line number="371" hits="0"/>
              </lines>
            </method>
            <method name="(anonymous_22)" hits="0" signature="()V">
              <lines>
                <line number="375" hits="0"/>
              </lines>
            </method>
            <method name="(anonymous_23)" hits="0" signature="()V">
              <lines>
                <line number="380" hits="0"/>
              </lines>
            </method>
            <method name="clearAccumulatedResults" hits="0" signature="()V">
              <lines>
                <line number="431" hits="0"/>
              </lines>
            </method>
          </methods>
          <lines>
            <line number="7" hits="2" branch="false"/>
            <line number="8" hits="2" branch="false"/>
            <line number="9" hits="2" branch="false"/>
            <line number="11" hits="2" branch="false"/>
            <line number="21" hits="2" branch="false"/>
            <line number="25" hits="9" branch="true" condition-coverage="75% (3/4)"/>
            <line number="26" hits="9" branch="true" condition-coverage="100% (6/6)"/>
            <line number="27" hits="9" branch="false"/>
            <line number="28" hits="9" branch="false"/>
            <line number="30" hits="9" branch="false"/>
            <line number="38" hits="9" branch="false"/>
            <line number="49" hits="2" branch="false"/>
            <line number="53" hits="0" branch="false"/>
            <line number="55" hits="0" branch="false"/>
            <line number="63" hits="0" branch="false"/>
            <line number="64" hits="0" branch="false"/>
            <line number="66" hits="0" branch="true" condition-coverage="0% (0/2)"/>
            <line number="67" hits="0" branch="false"/>
            <line number="71" hits="0" branch="false"/>
            <line number="75" hits="0" branch="false"/>
            <line number="78" hits="0" branch="false"/>
            <line number="98" hits="0" branch="false"/>
            <line number="101" hits="0" branch="false"/>
            <line number="102" hits="0" branch="false"/>
            <line number="104" hits="0" branch="false"/>
            <line number="111" hits="0" branch="false"/>
            <line number="127" hits="2" branch="false"/>
            <line number="132" hits="1" branch="false"/>
            <line number="140" hits="1" branch="false"/>
            <line number="141" hits="1" branch="false"/>
            <line number="144" hits="1" branch="false"/>
            <line number="151" hits="1" branch="false"/>
            <line number="152" hits="2" branch="false"/>
            <line number="153" hits="2" branch="false"/>
            <line number="155" hits="2" branch="true" condition-coverage="100% (2/2)"/>
            <line number="156" hits="1" branch="false"/>
            <line number="163" hits="2" branch="false"/>
            <line number="166" hits="1" branch="false"/>
            <line number="174" hits="1" branch="false"/>
            <line number="176" hits="1" branch="false"/>
            <line number="183" hits="1" branch="false"/>
            <line number="199" hits="2" branch="false"/>
            <line number="204" hits="2" branch="false"/>
            <line number="212" hits="2" branch="true" condition-coverage="100% (2/2)"/>
            <line number="213" hits="1" branch="false"/>
            <line number="217" hits="1" branch="false"/>
            <line number="221" hits="1" branch="true" condition-coverage="50% (1/2)"/>
            <line number="222" hits="0" branch="false"/>
            <line number="227" hits="0" branch="false"/>
            <line number="231" hits="1" branch="false"/>
            <line number="232" hits="1" branch="false"/>
            <line number="235" hits="1" branch="false"/>
            <line number="242" hits="1" branch="false"/>
            <line number="243" hits="1" branch="false"/>
            <line number="245" hits="1" branch="false"/>
            <line number="246" hits="3" branch="false"/>
            <line number="247" hits="3" branch="false"/>
            <line number="249" hits="3" branch="true" condition-coverage="100% (2/2)"/>
            <line number="250" hits="1" branch="false"/>
            <line number="251" hits="1" branch="false"/>
            <line number="258" hits="2" branch="false"/>
            <line number="262" hits="1" branch="false"/>
            <line number="271" hits="1" branch="false"/>
            <line number="286" hits="2" branch="false"/>
            <line number="293" hits="0" branch="false"/>
            <line number="302" hits="0" branch="true" condition-coverage="0% (0/2)"/>
            <line number="303" hits="0" branch="false"/>
            <line number="307" hits="0" branch="false"/>
            <line number="311" hits="0" branch="true" condition-coverage="0% (0/4)"/>
            <line number="312" hits="0" branch="false"/>
            <line number="313" hits="0" branch="false"/>
            <line number="319" hits="0" branch="false"/>
            <line number="323" hits="0" branch="false"/>
            <line number="325" hits="0" branch="false"/>
            <line number="326" hits="0" branch="true" condition-coverage="0% (0/4)"/>
            <line number="327" hits="0" branch="false"/>
            <line number="329" hits="0" branch="true" condition-coverage="0% (0/2)"/>
            <line number="330" hits="0" branch="true" condition-coverage="0% (0/6)"/>
            <line number="333" hits="0" branch="true" condition-coverage="0% (0/6)"/>
            <line number="336" hits="0" branch="true" condition-coverage="0% (0/2)"/>
            <line number="337" hits="0" branch="true" condition-coverage="0% (0/2)"/>
            <line number="338" hits="0" branch="false"/>
            <line number="340" hits="0" branch="false"/>
            <line number="344" hits="0" branch="false"/>
            <line number="348" hits="0" branch="false"/>
            <line number="355" hits="0" branch="false"/>
            <line number="356" hits="0" branch="false"/>
            <line number="358" hits="0" branch="true" condition-coverage="0% (0/2)"/>
            <line number="359" hits="0" branch="true" condition-coverage="0% (0/2)"/>
            <line number="361" hits="0" branch="false"/>
            <line number="370" hits="0" branch="false"/>
            <line number="371" hits="0" branch="false"/>
            <line number="375" hits="0" branch="false"/>
            <line number="376" hits="0" branch="false"/>
            <line number="377" hits="0" branch="false"/>
            <line number="380" hits="0" branch="false"/>
            <line number="382" hits="0" branch="false"/>
            <line number="391" hits="0" branch="true" condition-coverage="0% (0/2)"/>
            <line number="392" hits="0" branch="false"/>
            <line number="396" hits="0" branch="false"/>
            <line number="400" hits="0" branch="false"/>
            <line number="408" hits="0" branch="false"/>
            <line number="418" hits="0" branch="false"/>
            <line number="431" hits="2" branch="false"/>
            <line number="434" hits="0" branch="false"/>
            <line number="440" hits="0" branch="false"/>
            <line number="441" hits="0" branch="false"/>
            <line number="446" hits="0" branch="false"/>
          </lines>
        </class>
        <class name="widget.tsx" filename="your-extensions/widgets/query-simple/src/runtime/widget.tsx" line-rate="0.1967" branch-rate="0.0398">
          <methods>
            <method name="(anonymous_7)" hits="2" signature="()V">
              <lines>
                <line number="32" hits="2"/>
              </lines>
            </method>
            <method name="(anonymous_8)" hits="0" signature="()V">
              <lines>
                <line number="63" hits="0"/>
              </lines>
            </method>
            <method name="(anonymous_9)" hits="0" signature="()V">
              <lines>
                <line number="169" hits="0"/>
              </lines>
            </method>
            <method name="(anonymous_10)" hits="2" signature="()V">
              <lines>
                <line number="188" hits="2"/>
              </lines>
            </method>
            <method name="(anonymous_11)" hits="0" signature="()V">
              <lines>
                <line number="190" hits="0"/>
              </lines>
            </method>
            <method name="(anonymous_12)" hits="0" signature="()V">
              <lines>
                <line number="205" hits="0"/>
              </lines>
            </method>
            <method name="(anonymous_13)" hits="0" signature="()V">
              <lines>
                <line number="230" hits="0"/>
              </lines>
            </method>
            <method name="(anonymous_14)" hits="2" signature="()V">
              <lines>
                <line number="251" hits="2"/>
              </lines>
            </method>
            <method name="(anonymous_15)" hits="0" signature="()V">
              <lines>
                <line number="267" hits="0"/>
              </lines>
            </method>
            <method name="(anonymous_16)" hits="0" signature="()V">
              <lines>
                <line number="291" hits="0"/>
              </lines>
            </method>
            <method name="(anonymous_17)" hits="0" signature="()V">
              <lines>
                <line number="291" hits="0"/>
              </lines>
            </method>
            <method name="(anonymous_18)" hits="0" signature="()V">
              <lines>
                <line number="336" hits="0"/>
              </lines>
            </method>
            <method name="(anonymous_19)" hits="0" signature="()V">
              <lines>
                <line number="336" hits="0"/>
              </lines>
            </method>
            <method name="(anonymous_20)" hits="2" signature="()V">
              <lines>
                <line number="371" hits="2"/>
              </lines>
            </method>
            <method name="(anonymous_21)" hits="0" signature="()V">
              <lines>
                <line number="392" hits="0"/>
              </lines>
            </method>
            <method name="(anonymous_22)" hits="0" signature="()V">
              <lines>
                <line number="429" hits="0"/>
              </lines>
            </method>
            <method name="(anonymous_23)" hits="0" signature="()V">
              <lines>
                <line number="455" hits="0"/>
              </lines>
            </method>
            <method name="(anonymous_24)" hits="0" signature="()V">
              <lines>
                <line number="553" hits="0"/>
              </lines>
            </method>
            <method name="(anonymous_25)" hits="0" signature="()V">
              <lines>
                <line number="697" hits="0"/>
              </lines>
            </method>
            <method name="(anonymous_26)" hits="0" signature="()V">
              <lines>
                <line number="745" hits="0"/>
              </lines>
            </method>
            <method name="(anonymous_27)" hits="0" signature="()V">
              <lines>
                <line number="775" hits="0"/>
              </lines>
            </method>
            <method name="(anonymous_28)" hits="0" signature="()V">
              <lines>
                <line number="829" hits="0"/>
              </lines>
            </method>
            <method name="(anonymous_29)" hits="0" signature="()V">
              <lines>
                <line number="830" hits="0"/>
              </lines>
            </method>
            <method name="(anonymous_30)" hits="0" signature="()V">
              <lines>
                <line number="834" hits="0"/>
              </lines>
            </method>
            <method name="(anonymous_31)" hits="0" signature="()V">
              <lines>
                <line number="834" hits="0"/>
              </lines>
            </method>
            <method name="(anonymous_32)" hits="0" signature="()V">
              <lines>
                <line number="900" hits="0"/>
              </lines>
            </method>
            <method name="(anonymous_33)" hits="0" signature="()V">
              <lines>
                <line number="920" hits="0"/>
              </lines>
            </method>
            <method name="(anonymous_34)" hits="0" signature="()V">
              <lines>
                <line number="920" hits="0"/>
              </lines>
            </method>
            <method name="(anonymous_35)" hits="0" signature="()V">
              <lines>
                <line number="943" hits="0"/>
              </lines>
            </method>
            <method name="(anonymous_36)" hits="0" signature="()V">
              <lines>
                <line number="979" hits="0"/>
              </lines>
            </method>
            <method name="(anonymous_37)" hits="0" signature="()V">
              <lines>
                <line number="1008" hits="0"/>
              </lines>
            </method>
            <method name="(anonymous_38)" hits="0" signature="()V">
              <lines>
                <line number="1023" hits="0"/>
              </lines>
            </method>
            <method name="(anonymous_39)" hits="0" signature="()V">
              <lines>
                <line number="1023" hits="0"/>
              </lines>
            </method>
            <method name="(anonymous_40)" hits="0" signature="()V">
              <lines>
                <line number="1033" hits="0"/>
              </lines>
            </method>
            <method name="(anonymous_41)" hits="0" signature="()V">
              <lines>
                <line number="1067" hits="0"/>
              </lines>
            </method>
            <method name="(anonymous_42)" hits="0" signature="()V">
              <lines>
                <line number="1097" hits="0"/>
              </lines>
            </method>
            <method name="(anonymous_43)" hits="0" signature="()V">
              <lines>
                <line number="1149" hits="0"/>
              </lines>
            </method>
            <method name="(anonymous_44)" hits="0" signature="()V">
              <lines>
                <line number="1152" hits="0"/>
              </lines>
            </method>
            <method name="(anonymous_45)" hits="0" signature="()V">
              <lines>
                <line number="1152" hits="0"/>
              </lines>
            </method>
            <method name="(anonymous_46)" hits="0" signature="()V">
              <lines>
                <line number="1237" hits="0"/>
              </lines>
            </method>
            <method name="(anonymous_47)" hits="0" signature="()V">
              <lines>
                <line number="1254" hits="0"/>
              </lines>
            </method>
            <method name="(anonymous_48)" hits="0" signature="()V">
              <lines>
                <line number="1254" hits="0"/>
              </lines>
            </method>
            <method name="(anonymous_49)" hits="0" signature="()V">
              <lines>
                <line number="1288" hits="0"/>
              </lines>
            </method>
            <method name="(anonymous_50)" hits="0" signature="()V">
              <lines>
                <line number="1400" hits="0"/>
              </lines>
            </method>
            <method name="(anonymous_51)" hits="0" signature="()V">
              <lines>
                <line number="1419" hits="0"/>
              </lines>
            </method>
            <method name="(anonymous_52)" hits="2" signature="()V">
              <lines>
                <line number="1446" hits="2"/>
              </lines>
            </method>
            <method name="(anonymous_53)" hits="2" signature="()V">
              <lines>
                <line number="1454" hits="2"/>
              </lines>
            </method>
            <method name="(anonymous_54)" hits="2" signature="()V">
              <lines>
                <line number="1455" hits="2"/>
              </lines>
            </method>
            <method name="(anonymous_55)" hits="0" signature="()V">
              <lines>
                <line number="1475" hits="0"/>
              </lines>
            </method>
            <method name="(anonymous_56)" hits="2" signature="()V">
              <lines>
                <line number="72" hits="2"/>
              </lines>
            </method>
            <method name="(anonymous_57)" hits="0" signature="()V">
              <lines>
                <line number="107" hits="0"/>
              </lines>
            </method>
            <method name="(anonymous_58)" hits="2" signature="()V">
              <lines>
                <line number="114" hits="2"/>
              </lines>
            </method>
            <method name="(anonymous_59)" hits="0" signature="()V">
              <lines>
                <line number="148" hits="0"/>
              </lines>
            </method>
            <method name="(anonymous_60)" hits="2" signature="()V">
              <lines>
                <line number="1585" hits="2"/>
              </lines>
            </method>
          </methods>
          <lines>
            <line number="2" hits="1" branch="false"/>
            <line number="3" hits="1" branch="false"/>
            <line number="4" hits="1" branch="false"/>
            <line number="5" hits="1" branch="false"/>
            <line number="6" hits="1" branch="false"/>
            <line number="7" hits="1" branch="false"/>
            <line number="9" hits="1" branch="false"/>
            <line number="10" hits="1" branch="false"/>
            <line number="11" hits="1" branch="false"/>
            <line number="12" hits="1" branch="false"/>
            <line number="13" hits="1" branch="false"/>
            <line number="14" hits="1" branch="false"/>
            <line number="15" hits="1" branch="false"/>
            <line number="16" hits="1" branch="false"/>
            <line number="17" hits="1" branch="false"/>
            <line number="19" hits="1" branch="false"/>
            <line number="20" hits="1" branch="false"/>
            <line number="25" hits="1" branch="false"/>
            <line number="30" hits="1" branch="false"/>
            <line number="32" hits="1" branch="false"/>
            <line number="44" hits="1" branch="false"/>
            <line number="45" hits="2" branch="false"/>
            <line number="47" hits="2" branch="false"/>
            <line number="63" hits="2" branch="false"/>
            <line number="64" hits="0" branch="false"/>
            <line number="66" hits="2" branch="false"/>
            <line number="67" hits="2" branch="false"/>
            <line number="68" hits="2" branch="false"/>
            <line number="69" hits="2" branch="false"/>
            <line number="70" hits="2" branch="false"/>
            <line number="73" hits="2" branch="false"/>
            <line number="77" hits="2" branch="false"/>
            <line number="80" hits="2" branch="false"/>
            <line number="83" hits="2" branch="false"/>
            <line number="86" hits="2" branch="false"/>
            <line number="89" hits="2" branch="false"/>
            <line number="97" hits="2" branch="false"/>
            <line number="98" hits="2" branch="false"/>
            <line number="107" hits="2" branch="false"/>
            <line number="108" hits="0" branch="false"/>
            <line number="116" hits="2" branch="false"/>
            <line number="119" hits="2" branch="false"/>
            <line number="122" hits="2" branch="false"/>
            <line number="125" hits="2" branch="false"/>
            <line number="128" hits="2" branch="false"/>
            <line number="131" hits="2" branch="false"/>
            <line number="139" hits="2" branch="false"/>
            <line number="140" hits="2" branch="false"/>
            <line number="149" hits="0" branch="true" condition-coverage="0% (0/2)"/>
            <line number="150" hits="0" branch="false"/>
            <line number="154" hits="0" branch="true" condition-coverage="0% (0/2)"/>
            <line number="155" hits="0" branch="true" condition-coverage="0% (0/2)"/>
            <line number="156" hits="0" branch="false"/>
            <line number="169" hits="2" branch="false"/>
            <line number="170" hits="0" branch="false"/>
            <line number="172" hits="0" branch="false"/>
            <line number="181" hits="0" branch="false"/>
            <line number="188" hits="2" branch="false"/>
            <line number="190" hits="2" branch="false"/>
            <line number="191" hits="0" branch="true" condition-coverage="0% (0/2)"/>
            <line number="192" hits="0" branch="false"/>
            <line number="197" hits="0" branch="false"/>
            <line number="200" hits="0" branch="false"/>
            <line number="203" hits="0" branch="true" condition-coverage="0% (0/2)"/>
            <line number="204" hits="0" branch="false"/>
            <line number="206" hits="0" branch="false"/>
            <line number="207" hits="0" branch="true" condition-coverage="0% (0/2)"/>
            <line number="210" hits="0" branch="true" condition-coverage="0% (0/2)"/>
            <line number="211" hits="0" branch="false"/>
            <line number="212" hits="0" branch="false"/>
            <line number="213" hits="0" branch="false"/>
            <line number="222" hits="0" branch="false"/>
            <line number="223" hits="0" branch="false"/>
            <line number="230" hits="0" branch="false"/>
            <line number="231" hits="0" branch="false"/>
            <line number="232" hits="0" branch="true" condition-coverage="0% (0/2)"/>
            <line number="233" hits="0" branch="false"/>
            <line number="234" hits="0" branch="false"/>
            <line number="235" hits="0" branch="false"/>
            <line number="239" hits="0" branch="false"/>
            <line number="251" hits="2" branch="false"/>
            <line number="252" hits="2" branch="true" condition-coverage="50% (1/2)"/>
            <line number="253" hits="0" branch="false"/>
            <line number="254" hits="0" branch="false"/>
            <line number="257" hits="2" branch="true" condition-coverage="50% (1/2)"/>
            <line number="258" hits="0" branch="false"/>
            <line number="259" hits="0" branch="false"/>
            <line number="267" hits="2" branch="false"/>
            <line number="268" hits="0" branch="false"/>
            <line number="270" hits="0" branch="false"/>
            <line number="280" hits="0" branch="true" condition-coverage="0% (0/2)"/>
            <line number="283" hits="0" branch="true" condition-coverage="0% (0/9)"/>
            <line number="284" hits="0" branch="false"/>
            <line number="291" hits="2" branch="false"/>
            <line number="292" hits="0" branch="false"/>
            <line number="294" hits="0" branch="false"/>
            <line number="296" hits="0" branch="false"/>
            <line number="297" hits="0" branch="true" condition-coverage="0% (0/2)"/>
            <line number="298" hits="0" branch="false"/>
            <line number="304" hits="0" branch="false"/>
            <line number="308" hits="0" branch="false"/>
            <line number="309" hits="0" branch="false"/>
            <line number="312" hits="0" branch="false"/>
            <line number="314" hits="0" branch="false"/>
            <line number="322" hits="0" branch="false"/>
            <line number="336" hits="2" branch="false"/>
            <line number="337" hits="0" branch="false"/>
            <line number="340" hits="0" branch="true" condition-coverage="0% (0/4)"/>
            <line number="341" hits="0" branch="false"/>
            <line number="347" hits="0" branch="false"/>
            <line number="351" hits="0" branch="true" condition-coverage="0% (0/6)"/>
            <line number="352" hits="0" branch="true" condition-coverage="0% (0/2)"/>
            <line number="353" hits="0" branch="false"/>
            <line number="361" hits="0" branch="false"/>
            <line number="365" hits="0" branch="false"/>
            <line number="371" hits="2" branch="false"/>
            <line number="372" hits="2" branch="false"/>
            <line number="373" hits="2" branch="false"/>
            <line number="375" hits="2" branch="true" condition-coverage="50% (1/2)"/>
            <line number="376" hits="0" branch="false"/>
            <line number="377" hits="0" branch="false"/>
            <line number="378" hits="0" branch="false"/>
            <line number="380" hits="0" branch="false"/>
            <line number="392" hits="2" branch="false"/>
            <line number="393" hits="0" branch="false"/>
            <line number="394" hits="0" branch="false"/>
            <line number="396" hits="0" branch="true" condition-coverage="0% (0/4)"/>
            <line number="397" hits="0" branch="false"/>
            <line number="405" hits="0" branch="false"/>
            <line number="406" hits="0" branch="false"/>
            <line number="408" hits="0" branch="false"/>
            <line number="415" hits="0" branch="false"/>
            <line number="429" hits="2" branch="false"/>
            <line number="430" hits="0" branch="true" condition-coverage="0% (0/2)"/>
            <line number="432" hits="0" branch="false"/>
            <line number="433" hits="0" branch="false"/>
            <line number="434" hits="0" branch="false"/>
            <line number="437" hits="0" branch="true" condition-coverage="0% (0/9)"/>
            <line number="448" hits="0" branch="false"/>
            <line number="455" hits="2" branch="false"/>
            <line number="456" hits="0" branch="false"/>
            <line number="457" hits="0" branch="false"/>
            <line number="460" hits="0" branch="true" condition-coverage="0% (0/2)"/>
            <line number="461" hits="0" branch="false"/>
            <line number="464" hits="0" branch="true" condition-coverage="0% (0/2)"/>
            <line number="469" hits="0" branch="true" condition-coverage="0% (0/4)"/>
            <line number="470" hits="0" branch="false"/>
            <line number="475" hits="0" branch="false"/>
            <line number="480" hits="0" branch="true" condition-coverage="0% (0/2)"/>
            <line number="482" hits="0" branch="true" condition-coverage="0% (0/6)"/>
            <line number="483" hits="0" branch="true" condition-coverage="0% (0/4)"/>
            <line number="489" hits="0" branch="true" condition-coverage="0% (0/3)"/>
            <line number="493" hits="0" branch="false"/>
            <line number="514" hits="0" branch="false"/>
            <line number="532" hits="0" branch="false"/>
            <line number="553" hits="2" branch="false"/>
            <line number="554" hits="0" branch="false"/>
            <line number="560" hits="0" branch="false"/>
            <line number="563" hits="0" branch="true" condition-coverage="0% (0/2)"/>
            <line number="564" hits="0" branch="false"/>
            <line number="567" hits="0" branch="false"/>
            <line number="568" hits="0" branch="true" condition-coverage="0% (0/2)"/>
            <line number="571" hits="0" branch="false"/>
            <line number="587" hits="0" branch="true" condition-coverage="0% (0/2)"/>
            <line number="588" hits="0" branch="false"/>
            <line number="593" hits="0" branch="false"/>
            <line number="597" hits="0" branch="true" condition-coverage="0% (0/4)"/>
            <line number="598" hits="0" branch="false"/>
            <line number="611" hits="0" branch="true" condition-coverage="0% (0/2)"/>
            <line number="612" hits="0" branch="true" condition-coverage="0% (0/5)"/>
            <line number="613" hits="0" branch="false"/>
            <line number="621" hits="0" branch="false"/>
            <line number="625" hits="0" branch="false"/>
            <line number="631" hits="0" branch="false"/>
            <line number="632" hits="0" branch="false"/>
            <line number="636" hits="0" branch="true" condition-coverage="0% (0/5)"/>
            <line number="637" hits="0" branch="false"/>
            <line number="650" hits="0" branch="true" condition-coverage="0% (0/4)"/>
            <line number="651" hits="0" branch="false"/>
            <line number="657" hits="0" branch="false"/>
            <line number="661" hits="0" branch="true" condition-coverage="0% (0/2)"/>
            <line number="662" hits="0" branch="false"/>
            <line number="668" hits="0" branch="false"/>
            <line number="672" hits="0" branch="true" condition-coverage="0% (0/2)"/>
            <line number="673" hits="0" branch="false"/>
            <line number="679" hits="0" branch="false"/>
            <line number="683" hits="0" branch="false"/>
            <line number="690" hits="0" branch="false"/>
            <line number="697" hits="2" branch="false"/>
            <line number="698" hits="0" branch="false"/>
            <line number="699" hits="0" branch="false"/>
            <line number="701" hits="0" branch="false"/>
            <line number="713" hits="0" branch="true" condition-coverage="0% (0/2)"/>
            <line number="718" hits="0" branch="true" condition-coverage="0% (0/4)"/>
            <line number="719" hits="0" branch="false"/>
            <line number="730" hits="0" branch="false"/>
            <line number="740" hits="0" branch="true" condition-coverage="0% (0/5)"/>
            <line number="742" hits="0" branch="false"/>
            <line number="743" hits="0" branch="false"/>
            <line number="745" hits="0" branch="false"/>
            <line number="746" hits="0" branch="false"/>
            <line number="747" hits="0" branch="false"/>
            <line number="750" hits="0" branch="true" condition-coverage="0% (0/4)"/>
            <line number="751" hits="0" branch="true" condition-coverage="0% (0/2)"/>
            <line number="752" hits="0" branch="true" condition-coverage="0% (0/6)"/>
            <line number="754" hits="0" branch="false"/>
            <line number="765" hits="0" branch="true" condition-coverage="0% (0/2)"/>
            <line number="766" hits="0" branch="false"/>
            <line number="767" hits="0" branch="false"/>
            <line number="769" hits="0" branch="false"/>
            <line number="771" hits="0" branch="true" condition-coverage="0% (0/4)"/>
            <line number="772" hits="0" branch="false"/>
            <line number="774" hits="0" branch="true" condition-coverage="0% (0/2)"/>
            <line number="775" hits="0" branch="false"/>
            <line number="777" hits="0" branch="true" condition-coverage="0% (0/2)"/>
            <line number="779" hits="0" branch="true" condition-coverage="0% (0/6)"/>
            <line number="781" hits="0" branch="false"/>
            <line number="790" hits="0" branch="false"/>
            <line number="799" hits="0" branch="true" condition-coverage="0% (0/2)"/>
            <line number="800" hits="0" branch="true" condition-coverage="0% (0/2)"/>
            <line number="801" hits="0" branch="false"/>
            <line number="803" hits="0" branch="false"/>
            <line number="805" hits="0" branch="false"/>
            <line number="815" hits="0" branch="false"/>
            <line number="824" hits="0" branch="false"/>
            <line number="825" hits="0" branch="false"/>
            <line number="826" hits="0" branch="true" condition-coverage="0% (0/2)"/>
            <line number="827" hits="0" branch="true" condition-coverage="0% (0/2)"/>
            <line number="829" hits="0" branch="false"/>
            <line number="830" hits="0" branch="false"/>
            <line number="831" hits="0" branch="false"/>
            <line number="834" hits="0" branch="false"/>
            <line number="835" hits="0" branch="false"/>
            <line number="838" hits="0" branch="false"/>
            <line number="846" hits="0" branch="false"/>
            <line number="856" hits="0" branch="false"/>
            <line number="861" hits="0" branch="true" condition-coverage="0% (0/5)"/>
            <line number="862" hits="0" branch="false"/>
            <line number="874" hits="0" branch="true" condition-coverage="0% (0/2)"/>
            <line number="875" hits="0" branch="false"/>
            <line number="883" hits="0" branch="false"/>
            <line number="886" hits="0" branch="false"/>
            <line number="887" hits="0" branch="false"/>
            <line number="889" hits="0" branch="true" condition-coverage="0% (0/2)"/>
            <line number="890" hits="0" branch="false"/>
            <line number="895" hits="0" branch="false"/>
            <line number="899" hits="0" branch="true" condition-coverage="0% (0/2)"/>
            <line number="900" hits="0" branch="false"/>
            <line number="901" hits="0" branch="false"/>
            <line number="904" hits="0" branch="true" condition-coverage="0% (0/2)"/>
            <line number="905" hits="0" branch="false"/>
            <line number="910" hits="0" branch="false"/>
            <line number="915" hits="0" branch="false"/>
            <line number="916" hits="0" branch="false"/>
            <line number="917" hits="0" branch="false"/>
            <line number="918" hits="0" branch="true" condition-coverage="0% (0/2)"/>
            <line number="919" hits="0" branch="true" condition-coverage="0% (0/2)"/>
            <line number="920" hits="0" branch="false"/>
            <line number="921" hits="0" branch="false"/>
            <line number="924" hits="0" branch="false"/>
            <line number="931" hits="0" branch="false"/>
            <line number="943" hits="2" branch="false"/>
            <line number="944" hits="0" branch="false"/>
            <line number="954" hits="0" branch="true" condition-coverage="0% (0/4)"/>
            <line number="955" hits="0" branch="true" condition-coverage="0% (0/6)"/>
            <line number="956" hits="0" branch="false"/>
            <line number="962" hits="0" branch="false"/>
            <line number="967" hits="0" branch="true" condition-coverage="0% (0/2)"/>
            <line number="968" hits="0" branch="false"/>
            <line number="973" hits="0" branch="false"/>
            <line number="975" hits="0" branch="false"/>
            <line number="979" hits="2" branch="false"/>
            <line number="980" hits="0" branch="true" condition-coverage="0% (0/2)"/>
            <line number="982" hits="0" branch="false"/>
            <line number="983" hits="0" branch="false"/>
            <line number="985" hits="0" branch="true" condition-coverage="0% (0/2)"/>
            <line number="986" hits="0" branch="false"/>
            <line number="987" hits="0" branch="false"/>
            <line number="989" hits="0" branch="false"/>
            <line number="997" hits="0" branch="false"/>
            <line number="1002" hits="0" branch="true" condition-coverage="0% (0/6)"/>
            <line number="1003" hits="0" branch="false"/>
            <line number="1008" hits="2" branch="false"/>
            <line number="1009" hits="0" branch="false"/>
            <line number="1016" hits="0" branch="false"/>
            <line number="1023" hits="2" branch="false"/>
            <line number="1025" hits="0" branch="false"/>
            <line number="1033" hits="2" branch="false"/>
            <line number="1034" hits="0" branch="false"/>
            <line number="1035" hits="0" branch="false"/>
            <line number="1037" hits="0" branch="true" condition-coverage="0% (0/2)"/>
            <line number="1040" hits="0" branch="false"/>
            <line number="1054" hits="0" branch="false"/>
            <line number="1062" hits="0" branch="true" condition-coverage="0% (0/4)"/>
            <line number="1064" hits="0" branch="false"/>
            <line number="1065" hits="0" branch="false"/>
            <line number="1067" hits="0" branch="false"/>
            <line number="1068" hits="0" branch="false"/>
            <line number="1069" hits="0" branch="false"/>
            <line number="1072" hits="0" branch="true" condition-coverage="0% (0/4)"/>
            <line number="1073" hits="0" branch="true" condition-coverage="0% (0/2)"/>
            <line number="1074" hits="0" branch="true" condition-coverage="0% (0/6)"/>
            <line number="1076" hits="0" branch="false"/>
            <line number="1087" hits="0" branch="true" condition-coverage="0% (0/2)"/>
            <line number="1088" hits="0" branch="false"/>
            <line number="1089" hits="0" branch="false"/>
            <line number="1091" hits="0" branch="false"/>
            <line number="1093" hits="0" branch="true" condition-coverage="0% (0/4)"/>
            <line number="1094" hits="0" branch="false"/>
            <line number="1096" hits="0" branch="true" condition-coverage="0% (0/2)"/>
            <line number="1097" hits="0" branch="false"/>
            <line number="1099" hits="0" branch="true" condition-coverage="0% (0/2)"/>
            <line number="1101" hits="0" branch="true" condition-coverage="0% (0/6)"/>
            <line number="1103" hits="0" branch="false"/>
            <line number="1112" hits="0" branch="false"/>
            <line number="1121" hits="0" branch="true" condition-coverage="0% (0/2)"/>
            <line number="1122" hits="0" branch="true" condition-coverage="0% (0/2)"/>
            <line number="1123" hits="0" branch="false"/>
            <line number="1125" hits="0" branch="false"/>
            <line number="1127" hits="0" branch="false"/>
            <line number="1137" hits="0" branch="false"/>
            <line number="1145" hits="0" branch="false"/>
            <line number="1146" hits="0" branch="false"/>
            <line number="1147" hits="0" branch="true" condition-coverage="0% (0/2)"/>
            <line number="1149" hits="0" branch="false"/>
            <line number="1150" hits="0" branch="false"/>
            <line number="1152" hits="0" branch="false"/>
            <line number="1153" hits="0" branch="false"/>
            <line number="1155" hits="0" branch="false"/>
            <line number="1164" hits="0" branch="false"/>
            <line number="1173" hits="0" branch="false"/>
            <line number="1178" hits="0" branch="false"/>
            <line number="1183" hits="0" branch="true" condition-coverage="0% (0/4)"/>
            <line number="1184" hits="0" branch="false"/>
            <line number="1197" hits="0" branch="true" condition-coverage="0% (0/2)"/>
            <line number="1198" hits="0" branch="false"/>
            <line number="1205" hits="0" branch="false"/>
            <line number="1208" hits="0" branch="false"/>
            <line number="1209" hits="0" branch="false"/>
            <line number="1211" hits="0" branch="true" condition-coverage="0% (0/2)"/>
            <line number="1212" hits="0" branch="false"/>
            <line number="1217" hits="0" branch="false"/>
            <line number="1220" hits="0" branch="false"/>
            <line number="1222" hits="0" branch="true" condition-coverage="0% (0/4)"/>
            <line number="1224" hits="0" branch="true" condition-coverage="0% (0/2)"/>
            <line number="1225" hits="0" branch="false"/>
            <line number="1230" hits="0" branch="false"/>
            <line number="1234" hits="0" branch="true" condition-coverage="0% (0/2)"/>
            <line number="1235" hits="0" branch="false"/>
            <line number="1236" hits="0" branch="true" condition-coverage="0% (0/2)"/>
            <line number="1237" hits="0" branch="false"/>
            <line number="1239" hits="0" branch="false"/>
            <line number="1250" hits="0" branch="false"/>
            <line number="1251" hits="0" branch="false"/>
            <line number="1252" hits="0" branch="true" condition-coverage="0% (0/2)"/>
            <line number="1254" hits="0" branch="false"/>
            <line number="1255" hits="0" branch="false"/>
            <line number="1257" hits="0" branch="false"/>
            <line number="1265" hits="0" branch="true" condition-coverage="0% (0/2)"/>
            <line number="1266" hits="0" branch="false"/>
            <line number="1276" hits="0" branch="false"/>
            <line number="1288" hits="2" branch="false"/>
            <line number="1289" hits="0" branch="false"/>
            <line number="1297" hits="0" branch="true" condition-coverage="0% (0/2)"/>
            <line number="1299" hits="0" branch="true" condition-coverage="0% (0/2)"/>
            <line number="1301" hits="0" branch="true" condition-coverage="0% (0/2)"/>
            <line number="1302" hits="0" branch="true" condition-coverage="0% (0/2)"/>
            <line number="1303" hits="0" branch="true" condition-coverage="0% (0/2)"/>
            <line number="1307" hits="0" branch="false"/>
            <line number="1329" hits="0" branch="true" condition-coverage="0% (0/2)"/>
            <line number="1330" hits="0" branch="false"/>
            <line number="1335" hits="0" branch="false"/>
            <line number="1337" hits="0" branch="false"/>
            <line number="1348" hits="0" branch="true" condition-coverage="0% (0/2)"/>
            <line number="1350" hits="0" branch="true" condition-coverage="0% (0/2)"/>
            <line number="1351" hits="0" branch="true" condition-coverage="0% (0/2)"/>
            <line number="1352" hits="0" branch="true" condition-coverage="0% (0/2)"/>
            <line number="1356" hits="0" branch="false"/>
            <line number="1377" hits="0" branch="true" condition-coverage="0% (0/2)"/>
            <line number="1378" hits="0" branch="false"/>
            <line number="1383" hits="0" branch="false"/>
            <line number="1385" hits="0" branch="false"/>
            <line number="1400" hits="2" branch="false"/>
            <line number="1401" hits="0" branch="false"/>
            <line number="1409" hits="0" branch="false"/>
            <line number="1419" hits="2" branch="false"/>
            <line number="1420" hits="0" branch="false"/>
            <line number="1421" hits="0" branch="false"/>
            <line number="1423" hits="0" branch="false"/>
            <line number="1433" hits="0" branch="true" condition-coverage="0% (0/6)"/>
            <line number="1434" hits="0" branch="false"/>
            <line number="1446" hits="2" branch="false"/>
            <line number="1447" hits="2" branch="false"/>
            <line number="1448" hits="2" branch="true" condition-coverage="66.66666666666666% (4/6)"/>
            <line number="1449" hits="0" branch="false"/>
            <line number="1453" hits="2" branch="false"/>
            <line number="1454" hits="2" branch="false"/>
            <line number="1455" hits="2" branch="true" condition-coverage="50% (1/2)"/>
            <line number="1457" hits="2" branch="true" condition-coverage="50% (1/2)"/>
            <line number="1458" hits="2" branch="false"/>
            <line number="1462" hits="0" branch="false"/>
            <line number="1463" hits="0" branch="false"/>
            <line number="1466" hits="0" branch="true" condition-coverage="0% (0/2)"/>
            <line number="1467" hits="0" branch="false"/>
            <line number="1471" hits="0" branch="false"/>
            <line number="1474" hits="0" branch="false"/>
            <line number="1475" hits="0" branch="false"/>
            <line number="1476" hits="0" branch="false"/>
            <line number="1480" hits="0" branch="false"/>
            <line number="1493" hits="0" branch="false"/>
            <line number="1494" hits="0" branch="false"/>
            <line number="1495" hits="0" branch="true" condition-coverage="0% (0/2)"/>
            <line number="1496" hits="0" branch="false"/>
            <line number="1497" hits="0" branch="false"/>
            <line number="1499" hits="0" branch="true" condition-coverage="0% (0/12)"/>
            <line number="1500" hits="0" branch="false"/>
            <line number="1512" hits="0" branch="false"/>
            <line number="1514" hits="0" branch="false"/>
            <line number="1524" hits="0" branch="false"/>
            <line number="1533" hits="0" branch="true" condition-coverage="0% (0/2)"/>
            <line number="1534" hits="0" branch="false"/>
            <line number="1542" hits="0" branch="false"/>
            <line number="1550" hits="0" branch="false"/>
            <line number="1555" hits="0" branch="true" condition-coverage="0% (0/4)"/>
            <line number="1556" hits="0" branch="false"/>
            <line number="1569" hits="0" branch="true" condition-coverage="0% (0/2)"/>
            <line number="1570" hits="0" branch="false"/>
            <line number="1579" hits="0" branch="false"/>
            <line number="1586" hits="2" branch="false"/>
            <line number="1587" hits="2" branch="false"/>
            <line number="1591" hits="2" branch="true" condition-coverage="66.66666666666666% (4/6)"/>
            <line number="1592" hits="0" branch="false"/>
            <line number="1595" hits="2" branch="true" condition-coverage="50% (2/4)"/>
            <line number="1596" hits="0" branch="false"/>
            <line number="1630" hits="2" branch="true" condition-coverage="50% (2/4)"/>
            <line number="1631" hits="0" branch="false"/>
            <line number="1648" hits="2" branch="false"/>
          </lines>
        </class>
      </classes>
    </package>
    <package name="shared-code.common" line-rate="0.47159999999999996" branch-rate="0.3448">
      <classes>
        <class name="common-components.tsx" filename="your-extensions/widgets/shared-code/common/common-components.tsx" line-rate="0.5" branch-rate="0.4545">
          <methods>
            <method name="(anonymous_0)" hits="0" signature="()V">
              <lines>
                <line number="11" hits="0"/>
              </lines>
            </method>
            <method name="(anonymous_1)" hits="0" signature="()V">
              <lines>
                <line number="39" hits="0"/>
              </lines>
            </method>
            <method name="(anonymous_2)" hits="0" signature="()V">
              <lines>
                <line number="41" hits="0"/>
              </lines>
            </method>
            <method name="(anonymous_3)" hits="0" signature="()V">
              <lines>
                <line number="42" hits="0"/>
              </lines>
            </method>
            <method name="(anonymous_4)" hits="0" signature="()V">
              <lines>
                <line number="56" hits="0"/>
              </lines>
            </method>
            <method name="(anonymous_5)" hits="0" signature="()V">
              <lines>
                <line number="63" hits="0"/>
              </lines>
            </method>
            <method name="(anonymous_6)" hits="0" signature="()V">
              <lines>
                <line number="64" hits="0"/>
              </lines>
            </method>
            <method name="(anonymous_7)" hits="3" signature="()V">
              <lines>
                <line number="96" hits="3"/>
              </lines>
            </method>
            <method name="(anonymous_8)" hits="3" signature="()V">
              <lines>
                <line number="114" hits="3"/>
              </lines>
            </method>
            <method name="(anonymous_9)" hits="2" signature="()V">
              <lines>
                <line number="116" hits="2"/>
              </lines>
            </method>
            <method name="(anonymous_10)" hits="0" signature="()V">
              <lines>
                <line number="155" hits="0"/>
              </lines>
            </method>
          </methods>
          <lines>
            <line number="2" hits="3" branch="false"/>
            <line number="3" hits="3" branch="false"/>
            <line number="4" hits="3" branch="false"/>
            <line number="5" hits="3" branch="false"/>
            <line number="6" hits="3" branch="false"/>
            <line number="11" hits="3" branch="false"/>
            <line number="12" hits="0" branch="true" condition-coverage="0% (0/1)"/>
            <line number="13" hits="0" branch="false"/>
            <line number="17" hits="0" branch="false"/>
            <line number="22" hits="0" branch="false"/>
            <line number="39" hits="3" branch="false"/>
            <line number="40" hits="0" branch="true" condition-coverage="0% (0/5)"/>
            <line number="41" hits="0" branch="false"/>
            <line number="42" hits="0" branch="false"/>
            <line number="55" hits="0" branch="false"/>
            <line number="56" hits="0" branch="false"/>
            <line number="57" hits="0" branch="false"/>
            <line number="63" hits="0" branch="false"/>
            <line number="64" hits="0" branch="false"/>
            <line number="85" hits="0" branch="false"/>
            <line number="93" hits="0" branch="true" condition-coverage="0% (0/2)"/>
            <line number="96" hits="3" branch="true" condition-coverage="100% (2/2)"/>
            <line number="97" hits="3" branch="false"/>
            <line number="98" hits="3" branch="false"/>
            <line number="99" hits="3" branch="false"/>
            <line number="100" hits="3" branch="false"/>
            <line number="101" hits="3" branch="false"/>
            <line number="102" hits="3" branch="false"/>
            <line number="114" hits="3" branch="false"/>
            <line number="115" hits="3" branch="false"/>
            <line number="116" hits="3" branch="false"/>
            <line number="139" hits="3" branch="false"/>
            <line number="155" hits="3" branch="false"/>
            <line number="156" hits="0" branch="true" condition-coverage="0% (0/1)"/>
            <line number="158" hits="0" branch="true" condition-coverage="0% (0/2)"/>
            <line number="159" hits="0" branch="false"/>
            <line number="162" hits="0" branch="false"/>
            <line number="191" hits="0" branch="false"/>
          </lines>
        </class>
        <class name="data-source-tip.tsx" filename="your-extensions/widgets/shared-code/common/data-source-tip.tsx" line-rate="0.40740000000000004" branch-rate="0.17579999999999998">
          <methods>
            <method name="DataSourceTip" hits="3" signature="()V">
              <lines>
                <line number="34" hits="3"/>
              </lines>
            </method>
            <method name="(anonymous_1)" hits="0" signature="()V">
              <lines>
                <line number="41" hits="0"/>
              </lines>
            </method>
            <method name="(anonymous_2)" hits="0" signature="()V">
              <lines>
                <line number="60" hits="0"/>
              </lines>
            </method>
            <method name="(anonymous_3)" hits="0" signature="()V">
              <lines>
                <line number="65" hits="0"/>
              </lines>
            </method>
          </methods>
          <lines>
            <line number="2" hits="2" branch="false"/>
            <line number="15" hits="2" branch="false"/>
            <line number="16" hits="2" branch="false"/>
            <line number="17" hits="2" branch="false"/>
            <line number="18" hits="2" branch="false"/>
            <line number="19" hits="2" branch="false"/>
            <line number="34" hits="2" branch="false"/>
            <line number="35" hits="3" branch="true" condition-coverage="100% (1/1)"/>
            <line number="36" hits="3" branch="false"/>
            <line number="37" hits="3" branch="false"/>
            <line number="38" hits="3" branch="false"/>
            <line number="39" hits="3" branch="false"/>
            <line number="41" hits="3" branch="false"/>
            <line number="42" hits="0" branch="true" condition-coverage="0% (0/2)"/>
            <line number="43" hits="0" branch="false"/>
            <line number="44" hits="0" branch="true" condition-coverage="0% (0/2)"/>
            <line number="45" hits="0" branch="false"/>
            <line number="46" hits="0" branch="true" condition-coverage="0% (0/4)"/>
            <line number="47" hits="0" branch="true" condition-coverage="0% (0/4)"/>
            <line number="48" hits="0" branch="false"/>
            <line number="49" hits="0" branch="true" condition-coverage="0% (0/4)"/>
            <line number="50" hits="0" branch="true" condition-coverage="0% (0/2)"/>
            <line number="51" hits="0" branch="false"/>
            <line number="52" hits="0" branch="true" condition-coverage="0% (0/4)"/>
            <line number="54" hits="0" branch="false"/>
            <line number="55" hits="0" branch="true" condition-coverage="0% (0/4)"/>
            <line number="60" hits="3" branch="false"/>
            <line number="61" hits="0" branch="false"/>
            <line number="62" hits="0" branch="true" condition-coverage="0% (0/4)"/>
            <line number="65" hits="3" branch="false"/>
            <line number="66" hits="0" branch="false"/>
            <line number="67" hits="0" branch="false"/>
            <line number="68" hits="0" branch="true" condition-coverage="0% (0/4)"/>
            <line number="74" hits="3" branch="true" condition-coverage="50% (1/2)"/>
            <line number="75" hits="0" branch="false"/>
            <line number="76" hits="0" branch="false"/>
            <line number="77" hits="3" branch="true" condition-coverage="100% (4/4)"/>
            <line number="78" hits="2" branch="false"/>
            <line number="79" hits="2" branch="false"/>
            <line number="80" hits="2" branch="false"/>
            <line number="81" hits="1" branch="true" condition-coverage="50% (1/2)"/>
            <line number="82" hits="0" branch="false"/>
            <line number="83" hits="0" branch="true" condition-coverage="0% (0/8)"/>
            <line number="84" hits="0" branch="true" condition-coverage="0% (0/2)"/>
            <line number="85" hits="0" branch="true" condition-coverage="0% (0/2)"/>
            <line number="86" hits="0" branch="true" condition-coverage="0% (0/2)"/>
            <line number="87" hits="0" branch="true" condition-coverage="0% (0/2)"/>
            <line number="90" hits="0" branch="false"/>
            <line number="91" hits="0" branch="true" condition-coverage="0% (0/10)"/>
            <line number="94" hits="0" branch="true" condition-coverage="0% (0/4)"/>
            <line number="96" hits="0" branch="false"/>
            <line number="97" hits="0" branch="false"/>
            <line number="98" hits="0" branch="false"/>
            <line number="103" hits="3" branch="false"/>
          </lines>
        </class>
        <class name="utils.tsx" filename="your-extensions/widgets/shared-code/common/utils.tsx" line-rate="0.6428" branch-rate="0.6785">
          <methods>
            <method name="(anonymous_0)" hits="3" signature="()V">
              <lines>
                <line number="7" hits="3"/>
              </lines>
            </method>
            <method name="(anonymous_1)" hits="3" signature="()V">
              <lines>
                <line number="7" hits="3"/>
              </lines>
            </method>
            <method name="createGetI18nMessage" hits="0" signature="()V">
              <lines>
                <line number="17" hits="0"/>
              </lines>
            </method>
            <method name="(anonymous_3)" hits="0" signature="()V">
              <lines>
                <line number="19" hits="0"/>
              </lines>
            </method>
            <method name="getFieldInfosInPopupContent" hits="4" signature="()V">
              <lines>
                <line number="26" hits="4"/>
              </lines>
            </method>
            <method name="(anonymous_5)" hits="3" signature="()V">
              <lines>
                <line number="29" hits="3"/>
              </lines>
            </method>
          </methods>
          <lines>
            <line number="7" hits="3" branch="true" condition-coverage="66.66666666666666% (2/3)"/>
            <line number="17" hits="2" branch="false"/>
            <line number="18" hits="0" branch="true" condition-coverage="0% (0/3)"/>
            <line number="19" hits="0" branch="false"/>
            <line number="20" hits="0" branch="true" condition-coverage="0% (0/2)"/>
            <line number="21" hits="0" branch="true" condition-coverage="0% (0/2)"/>
            <line number="23" hits="0" branch="false"/>
            <line number="26" hits="2" branch="false"/>
            <line number="27" hits="4" branch="false"/>
            <line number="28" hits="4" branch="true" condition-coverage="100% (10/10)"/>
            <line number="29" hits="2" branch="false"/>
            <line number="30" hits="3" branch="true" condition-coverage="87.5% (7/8)"/>
            <line number="31" hits="1" branch="false"/>
            <line number="35" hits="4" branch="false"/>
          </lines>
        </class>
      </classes>
    </package>
  </packages>
</coverage>
