{"/Users/adamcabrera/Dev/arcgis-experience-builder-1.19/client/your-extensions/widgets/query-simple/src/runtime/query-utils.ts": {"path":"/Users/adamcabrera/Dev/arcgis-experience-builder-1.19/client/your-extensions/widgets/query-simple/src/runtime/query-utils.ts","statementMap":{"0":{"start":{"line":18,"column":0},"end":{"line":18,"column":16}},"1":{"start":{"line":33,"column":0},"end":{"line":33,"column":22}},"2":{"start":{"line":106,"column":0},"end":{"line":106,"column":16}},"3":{"start":{"line":216,"column":0},"end":{"line":216,"column":22}},"4":{"start":{"line":225,"column":0},"end":{"line":225,"column":22}},"5":{"start":{"line":1,"column":0},"end":{"line":1,"column":null}},"6":{"start":{"line":15,"column":0},"end":{"line":15,"column":154}},"7":{"start":{"line":16,"column":0},"end":{"line":16,"column":72}},"8":{"start":{"line":19,"column":17},"end":{"line":19,"column":34}},"9":{"start":{"line":20,"column":2},"end":{"line":20,"column":null}},"10":{"start":{"line":20,"column":39},"end":{"line":20,"column":55}},"11":{"start":{"line":21,"column":2},"end":{"line":26,"column":3}},"12":{"start":{"line":22,"column":22},"end":{"line":22,"column":61}},"13":{"start":{"line":23,"column":4},"end":{"line":25,"column":5}},"14":{"start":{"line":24,"column":6},"end":{"line":24,"column":null}},"15":{"start":{"line":24,"column":32},"end":{"line":24,"column":78}},"16":{"start":{"line":27,"column":2},"end":{"line":29,"column":3}},"17":{"start":{"line":28,"column":4},"end":{"line":28,"column":null}},"18":{"start":{"line":30,"column":2},"end":{"line":30,"column":null}},"19":{"start":{"line":37,"column":80},"end":{"line":37,"column":89}},"20":{"start":{"line":38,"column":50},"end":{"line":38,"column":110}},"21":{"start":{"line":39,"column":20},"end":{"line":39,"column":50}},"22":{"start":{"line":41,"column":2},"end":{"line":92,"column":3}},"23":{"start":{"line":43,"column":4},"end":{"line":55,"column":5}},"24":{"start":{"line":44,"column":30},"end":{"line":44,"column":68}},"25":{"start":{"line":45,"column":6},"end":{"line":52,"column":7}},"26":{"start":{"line":46,"column":29},"end":{"line":46,"column":79}},"27":{"start":{"line":46,"column":64},"end":{"line":46,"column":77}},"28":{"start":{"line":47,"column":8},"end":{"line":47,"column":null}},"29":{"start":{"line":50,"column":32},"end":{"line":50,"column":52}},"30":{"start":{"line":51,"column":8},"end":{"line":51,"column":null}},"31":{"start":{"line":51,"column":94},"end":{"line":51,"column":108}},"32":{"start":{"line":54,"column":6},"end":{"line":54,"column":null}},"33":{"start":{"line":56,"column":4},"end":{"line":79,"column":5}},"34":{"start":{"line":57,"column":25},"end":{"line":57,"column":27}},"35":{"start":{"line":58,"column":6},"end":{"line":69,"column":null}},"36":{"start":{"line":59,"column":26},"end":{"line":59,"column":95}},"37":{"start":{"line":59,"column":65},"end":{"line":59,"column":94}},"38":{"start":{"line":60,"column":8},"end":{"line":68,"column":9}},"39":{"start":{"line":61,"column":10},"end":{"line":61,"column":null}},"40":{"start":{"line":62,"column":10},"end":{"line":62,"column":null}},"41":{"start":{"line":64,"column":10},"end":{"line":67,"column":null}},"42":{"start":{"line":70,"column":6},"end":{"line":78,"column":null}},"43":{"start":{"line":80,"column":4},"end":{"line":91,"column":null}},"44":{"start":{"line":82,"column":41},"end":{"line":85,"column":10}},"45":{"start":{"line":95,"column":2},"end":{"line":99,"column":3}},"46":{"start":{"line":96,"column":4},"end":{"line":96,"column":null}},"47":{"start":{"line":98,"column":4},"end":{"line":98,"column":null}},"48":{"start":{"line":100,"column":2},"end":{"line":102,"column":3}},"49":{"start":{"line":101,"column":4},"end":{"line":101,"column":null}},"50":{"start":{"line":103,"column":2},"end":{"line":103,"column":null}},"51":{"start":{"line":114,"column":29},"end":{"line":114,"column":57}},"52":{"start":{"line":115,"column":50},"end":{"line":115,"column":110}},"53":{"start":{"line":116,"column":20},"end":{"line":116,"column":66}},"54":{"start":{"line":117,"column":2},"end":{"line":119,"column":3}},"55":{"start":{"line":118,"column":4},"end":{"line":118,"column":null}},"56":{"start":{"line":121,"column":126},"end":{"line":121,"column":135}},"57":{"start":{"line":127,"column":31},"end":{"line":127,"column":33}},"58":{"start":{"line":128,"column":2},"end":{"line":142,"column":3}},"59":{"start":{"line":129,"column":4},"end":{"line":129,"column":null}},"60":{"start":{"line":132,"column":22},"end":{"line":132,"column":52}},"61":{"start":{"line":133,"column":23},"end":{"line":133,"column":95}},"62":{"start":{"line":133,"column":88},"end":{"line":133,"column":94}},"63":{"start":{"line":134,"column":28},"end":{"line":134,"column":143}},"64":{"start":{"line":134,"column":71},"end":{"line":134,"column":142}},"65":{"start":{"line":135,"column":4},"end":{"line":135,"column":null}},"66":{"start":{"line":135,"column":53},"end":{"line":135,"column":72}},"67":{"start":{"line":138,"column":20},"end":{"line":138,"column":41}},"68":{"start":{"line":139,"column":4},"end":{"line":141,"column":5}},"69":{"start":{"line":140,"column":6},"end":{"line":140,"column":null}},"70":{"start":{"line":144,"column":28},"end":{"line":149,"column":11}},"71":{"start":{"line":155,"column":2},"end":{"line":166,"column":3}},"72":{"start":{"line":156,"column":27},"end":{"line":160,"column":6}},"73":{"start":{"line":159,"column":6},"end":{"line":159,"column":null}},"74":{"start":{"line":162,"column":4},"end":{"line":165,"column":5}},"75":{"start":{"line":163,"column":6},"end":{"line":163,"column":null}},"76":{"start":{"line":164,"column":6},"end":{"line":164,"column":null}},"77":{"start":{"line":169,"column":19},"end":{"line":179,"column":null}},"78":{"start":{"line":183,"column":2},"end":{"line":185,"column":3}},"79":{"start":{"line":184,"column":4},"end":{"line":184,"column":null}},"80":{"start":{"line":188,"column":2},"end":{"line":192,"column":null}},"81":{"start":{"line":194,"column":2},"end":{"line":205,"column":3}},"82":{"start":{"line":195,"column":71},"end":{"line":195,"column":84}},"83":{"start":{"line":197,"column":56},"end":{"line":203,"column":null}},"84":{"start":{"line":204,"column":4},"end":{"line":204,"column":null}},"85":{"start":{"line":207,"column":2},"end":{"line":211,"column":3}},"86":{"start":{"line":208,"column":4},"end":{"line":210,"column":null}},"87":{"start":{"line":209,"column":45},"end":{"line":209,"column":82}},"88":{"start":{"line":213,"column":2},"end":{"line":213,"column":null}},"89":{"start":{"line":221,"column":17},"end":{"line":221,"column":83}},"90":{"start":{"line":222,"column":2},"end":{"line":222,"column":null}},"91":{"start":{"line":231,"column":20},"end":{"line":231,"column":43}},"92":{"start":{"line":233,"column":26},"end":{"line":233,"column":55}},"93":{"start":{"line":234,"column":31},"end":{"line":237,"column":null}},"94":{"start":{"line":235,"column":4},"end":{"line":237,"column":null}},"95":{"start":{"line":238,"column":21},"end":{"line":239,"column":null}},"96":{"start":{"line":238,"column":39},"end":{"line":238,"column":94}},"97":{"start":{"line":239,"column":48},"end":{"line":239,"column":57}},"98":{"start":{"line":252,"column":20},"end":{"line":252,"column":37}},"99":{"start":{"line":253,"column":16},"end":{"line":253,"column":62}},"100":{"start":{"line":254,"column":20},"end":{"line":254,"column":49}},"101":{"start":{"line":256,"column":2},"end":{"line":258,"column":3}},"102":{"start":{"line":257,"column":4},"end":{"line":257,"column":null}},"103":{"start":{"line":259,"column":43},"end":{"line":259,"column":103}},"104":{"start":{"line":261,"column":25},"end":{"line":261,"column":42}},"105":{"start":{"line":262,"column":22},"end":{"line":262,"column":52}},"106":{"start":{"line":263,"column":20},"end":{"line":263,"column":54}},"107":{"start":{"line":265,"column":2},"end":{"line":265,"column":null}},"108":{"start":{"line":267,"column":2},"end":{"line":273,"column":null}},"109":{"start":{"line":268,"column":21},"end":{"line":268,"column":43}},"110":{"start":{"line":269,"column":4},"end":{"line":271,"column":5}},"111":{"start":{"line":270,"column":6},"end":{"line":270,"column":null}},"112":{"start":{"line":272,"column":4},"end":{"line":272,"column":null}},"113":{"start":{"line":274,"column":22},"end":{"line":277,"column":null}},"114":{"start":{"line":276,"column":42},"end":{"line":276,"column":61}},"115":{"start":{"line":280,"column":37},"end":{"line":286,"column":5}},"116":{"start":{"line":287,"column":2},"end":{"line":287,"column":null}},"117":{"start":{"line":289,"column":2},"end":{"line":289,"column":null}},"118":{"start":{"line":293,"column":22},"end":{"line":293,"column":85}},"119":{"start":{"line":295,"column":2},"end":{"line":297,"column":3}},"120":{"start":{"line":296,"column":4},"end":{"line":296,"column":null}},"121":{"start":{"line":298,"column":2},"end":{"line":298,"column":null}}},"fnMap":{"0":{"name":"combineFields","decl":{"start":{"line":18,"column":16},"end":{"line":18,"column":29}},"loc":{"start":{"line":18,"column":123},"end":{"line":31,"column":1}}},"1":{"name":"(anonymous_8)","decl":{"start":{"line":20,"column":31},"end":{"line":20,"column":35}},"loc":{"start":{"line":20,"column":39},"end":{"line":20,"column":55}}},"2":{"name":"(anonymous_9)","decl":{"start":{"line":24,"column":24},"end":{"line":24,"column":28}},"loc":{"start":{"line":24,"column":32},"end":{"line":24,"column":78}}},"3":{"name":"getPopupTemplate","decl":{"start":{"line":33,"column":22},"end":{"line":33,"column":38}},"loc":{"start":{"line":35,"column":43},"end":{"line":104,"column":null}}},"4":{"name":"(anonymous_12)","decl":{"start":{"line":46,"column":57},"end":{"line":46,"column":60}},"loc":{"start":{"line":46,"column":64},"end":{"line":46,"column":77}}},"5":{"name":"(anonymous_13)","decl":{"start":{"line":51,"column":85},"end":{"line":51,"column":90}},"loc":{"start":{"line":51,"column":94},"end":{"line":51,"column":108}}},"6":{"name":"(anonymous_14)","decl":{"start":{"line":58,"column":21},"end":{"line":58,"column":26}},"loc":{"start":{"line":58,"column":29},"end":{"line":69,"column":7}}},"7":{"name":"(anonymous_15)","decl":{"start":{"line":59,"column":52},"end":{"line":59,"column":61}},"loc":{"start":{"line":59,"column":65},"end":{"line":59,"column":94}}},"8":{"name":"(anonymous_16)","decl":{"start":{"line":82,"column":31},"end":{"line":82,"column":36}},"loc":{"start":{"line":82,"column":41},"end":{"line":85,"column":10}}},"9":{"name":"generateQueryParams","decl":{"start":{"line":106,"column":16},"end":{"line":106,"column":35}},"loc":{"start":{"line":112,"column":18},"end":{"line":214,"column":1}}},"10":{"name":"(anonymous_18)","decl":{"start":{"line":133,"column":83},"end":{"line":133,"column":84}},"loc":{"start":{"line":133,"column":88},"end":{"line":133,"column":94}}},"11":{"name":"(anonymous_19)","decl":{"start":{"line":134,"column":58},"end":{"line":134,"column":67}},"loc":{"start":{"line":134,"column":71},"end":{"line":134,"column":142}}},"12":{"name":"(anonymous_20)","decl":{"start":{"line":135,"column":40},"end":{"line":135,"column":49}},"loc":{"start":{"line":135,"column":53},"end":{"line":135,"column":72}}},"13":{"name":"(anonymous_21)","decl":{"start":{"line":156,"column":104},"end":{"line":156,"column":105}},"loc":{"start":{"line":156,"column":138},"end":{"line":160,"column":5}}},"14":{"name":"(anonymous_22)","decl":{"start":{"line":209,"column":37},"end":{"line":209,"column":41}},"loc":{"start":{"line":209,"column":45},"end":{"line":209,"column":82}}},"15":{"name":"executeCountQuery","decl":{"start":{"line":216,"column":22},"end":{"line":216,"column":39}},"loc":{"start":{"line":219,"column":26},"end":{"line":223,"column":null}}},"16":{"name":"executeQuery","decl":{"start":{"line":225,"column":22},"end":{"line":225,"column":34}},"loc":{"start":{"line":229,"column":26},"end":{"line":290,"column":null}}},"17":{"name":"(anonymous_27)","decl":{"start":{"line":234,"column":31},"end":{"line":234,"column":34}},"loc":{"start":{"line":234,"column":36},"end":{"line":237,"column":null}}},"18":{"name":"(anonymous_28)","decl":{"start":{"line":238,"column":22},"end":{"line":238,"column":23}},"loc":{"start":{"line":238,"column":39},"end":{"line":238,"column":94}}},"19":{"name":"(anonymous_29)","decl":{"start":{"line":239,"column":41},"end":{"line":239,"column":42}},"loc":{"start":{"line":239,"column":48},"end":{"line":239,"column":57}}},"20":{"name":"(anonymous_30)","decl":{"start":{"line":267,"column":18},"end":{"line":267,"column":19}},"loc":{"start":{"line":267,"column":29},"end":{"line":273,"column":3}}},"21":{"name":"(anonymous_31)","decl":{"start":{"line":276,"column":27},"end":{"line":276,"column":28}},"loc":{"start":{"line":276,"column":42},"end":{"line":276,"column":61}}},"22":{"name":"getLayerObject","decl":{"start":{"line":292,"column":15},"end":{"line":292,"column":29}},"loc":{"start":{"line":292,"column":65},"end":{"line":299,"column":null}}}},"branchMap":{"0":{"loc":{"start":{"line":20,"column":2},"end":{"line":20,"column":56}},"type":"cond-expr","locations":[{"start":{"line":20,"column":21},"end":{"line":20,"column":23}},{"start":{"line":20,"column":2},"end":{"line":20,"column":56}}]},"1":{"loc":{"start":{"line":20,"column":2},"end":{"line":20,"column":23}},"type":"binary-expr","locations":[{"start":{"line":20,"column":2},"end":{"line":20,"column":23}},{"start":{"line":20,"column":2},"end":{"line":20,"column":23}}]},"2":{"loc":{"start":{"line":21,"column":2},"end":{"line":26,"column":3}},"type":"if","locations":[{"start":{"line":21,"column":2},"end":{"line":26,"column":3}},{"start":{},"end":{}}]},"3":{"loc":{"start":{"line":23,"column":4},"end":{"line":25,"column":5}},"type":"if","locations":[{"start":{"line":23,"column":4},"end":{"line":25,"column":5}},{"start":{},"end":{}}]},"4":{"loc":{"start":{"line":23,"column":8},"end":{"line":23,"column":25}},"type":"cond-expr","locations":[{"start":{"line":23,"column":17},"end":{"line":23,"column":19}},{"start":{"line":23,"column":8},"end":{"line":23,"column":25}}]},"5":{"loc":{"start":{"line":23,"column":8},"end":{"line":23,"column":19}},"type":"binary-expr","locations":[{"start":{"line":23,"column":8},"end":{"line":23,"column":19}},{"start":{"line":23,"column":8},"end":{"line":23,"column":19}}]},"6":{"loc":{"start":{"line":27,"column":2},"end":{"line":29,"column":3}},"type":"if","locations":[{"start":{"line":27,"column":2},"end":{"line":29,"column":3}},{"start":{},"end":{}}]},"7":{"loc":{"start":{"line":37,"column":49},"end":{"line":37,"column":75}},"type":"default-arg","locations":[{"start":{"line":37,"column":73},"end":{"line":37,"column":75}}]},"8":{"loc":{"start":{"line":41,"column":2},"end":{"line":92,"column":3}},"type":"if","locations":[{"start":{"line":41,"column":2},"end":{"line":92,"column":3}},{"start":{},"end":{}}]},"9":{"loc":{"start":{"line":43,"column":4},"end":{"line":55,"column":5}},"type":"if","locations":[{"start":{"line":43,"column":4},"end":{"line":55,"column":5}},{"start":{"line":53,"column":11},"end":{"line":55,"column":5}}]},"10":{"loc":{"start":{"line":45,"column":6},"end":{"line":52,"column":7}},"type":"if","locations":[{"start":{"line":45,"column":6},"end":{"line":52,"column":7}},{"start":{"line":48,"column":13},"end":{"line":52,"column":7}}]},"11":{"loc":{"start":{"line":51,"column":17},"end":{"line":51,"column":114}},"type":"cond-expr","locations":[{"start":{"line":51,"column":43},"end":{"line":51,"column":109}},{"start":{"line":51,"column":112},"end":{"line":51,"column":114}}]},"12":{"loc":{"start":{"line":51,"column":17},"end":{"line":51,"column":40}},"type":"cond-expr","locations":[{"start":{"line":51,"column":32},"end":{"line":51,"column":34}},{"start":{"line":51,"column":17},"end":{"line":51,"column":40}}]},"13":{"loc":{"start":{"line":51,"column":17},"end":{"line":51,"column":34}},"type":"binary-expr","locations":[{"start":{"line":51,"column":17},"end":{"line":51,"column":34}},{"start":{"line":51,"column":17},"end":{"line":51,"column":34}}]},"14":{"loc":{"start":{"line":56,"column":4},"end":{"line":79,"column":5}},"type":"if","locations":[{"start":{"line":56,"column":4},"end":{"line":79,"column":5}},{"start":{},"end":{}}]},"15":{"loc":{"start":{"line":60,"column":8},"end":{"line":68,"column":9}},"type":"if","locations":[{"start":{"line":60,"column":8},"end":{"line":68,"column":9}},{"start":{"line":63,"column":15},"end":{"line":68,"column":9}}]},"16":{"loc":{"start":{"line":95,"column":2},"end":{"line":99,"column":3}},"type":"if","locations":[{"start":{"line":95,"column":2},"end":{"line":99,"column":3}},{"start":{"line":97,"column":9},"end":{"line":99,"column":3}}]},"17":{"loc":{"start":{"line":100,"column":2},"end":{"line":102,"column":3}},"type":"if","locations":[{"start":{"line":100,"column":2},"end":{"line":102,"column":3}},{"start":{},"end":{}}]},"18":{"loc":{"start":{"line":103,"column":33},"end":{"line":103,"column":122}},"type":"binary-expr","locations":[{"start":{"line":103,"column":33},"end":{"line":103,"column":83}},{"start":{"line":103,"column":87},"end":{"line":103,"column":120}}]},"19":{"loc":{"start":{"line":103,"column":33},"end":{"line":103,"column":83}},"type":"cond-expr","locations":[{"start":{"line":103,"column":61},"end":{"line":103,"column":63}},{"start":{"line":103,"column":61},"end":{"line":103,"column":83}}]},"20":{"loc":{"start":{"line":103,"column":33},"end":{"line":103,"column":63}},"type":"binary-expr","locations":[{"start":{"line":103,"column":33},"end":{"line":103,"column":63}},{"start":{"line":103,"column":61},"end":{"line":103,"column":63}}]},"21":{"loc":{"start":{"line":103,"column":33},"end":{"line":103,"column":61}},"type":"cond-expr","locations":[{"start":{"line":103,"column":44},"end":{"line":103,"column":46}},{"start":{"line":103,"column":33},"end":{"line":103,"column":61}}]},"22":{"loc":{"start":{"line":103,"column":33},"end":{"line":103,"column":46}},"type":"binary-expr","locations":[{"start":{"line":103,"column":33},"end":{"line":103,"column":46}},{"start":{"line":103,"column":33},"end":{"line":103,"column":46}}]},"23":{"loc":{"start":{"line":103,"column":87},"end":{"line":103,"column":120}},"type":"cond-expr","locations":[{"start":{"line":103,"column":98},"end":{"line":103,"column":100}},{"start":{"line":103,"column":87},"end":{"line":103,"column":120}}]},"24":{"loc":{"start":{"line":103,"column":87},"end":{"line":103,"column":100}},"type":"binary-expr","locations":[{"start":{"line":103,"column":87},"end":{"line":103,"column":100}},{"start":{"line":103,"column":87},"end":{"line":103,"column":100}}]},"25":{"loc":{"start":{"line":116,"column":20},"end":{"line":116,"column":66}},"type":"cond-expr","locations":[{"start":{"line":116,"column":38},"end":{"line":116,"column":40}},{"start":{"line":116,"column":20},"end":{"line":116,"column":66}}]},"26":{"loc":{"start":{"line":116,"column":20},"end":{"line":116,"column":40}},"type":"binary-expr","locations":[{"start":{"line":116,"column":20},"end":{"line":116,"column":40}},{"start":{"line":116,"column":20},"end":{"line":116,"column":40}}]},"27":{"loc":{"start":{"line":117,"column":2},"end":{"line":119,"column":3}},"type":"if","locations":[{"start":{"line":117,"column":2},"end":{"line":119,"column":3}},{"start":{},"end":{}}]},"28":{"loc":{"start":{"line":128,"column":2},"end":{"line":142,"column":3}},"type":"if","locations":[{"start":{"line":128,"column":2},"end":{"line":142,"column":3}},{"start":{"line":130,"column":9},"end":{"line":142,"column":3}}]},"29":{"loc":{"start":{"line":128,"column":6},"end":{"line":128,"column":77}},"type":"binary-expr","locations":[{"start":{"line":128,"column":6},"end":{"line":128,"column":54}},{"start":{"line":128,"column":58},"end":{"line":128,"column":77}}]},"30":{"loc":{"start":{"line":129,"column":61},"end":{"line":129,"column":88}},"type":"binary-expr","locations":[{"start":{"line":129,"column":61},"end":{"line":129,"column":82}},{"start":{"line":129,"column":86},"end":{"line":129,"column":88}}]},"31":{"loc":{"start":{"line":133,"column":37},"end":{"line":133,"column":77}},"type":"cond-expr","locations":[{"start":{"line":133,"column":71},"end":{"line":133,"column":75}},{"start":{"line":133,"column":75},"end":{"line":133,"column":77}}]},"32":{"loc":{"start":{"line":133,"column":37},"end":{"line":133,"column":75}},"type":"binary-expr","locations":[{"start":{"line":133,"column":37},"end":{"line":133,"column":75}},{"start":{"line":133,"column":71},"end":{"line":133,"column":75}}]},"33":{"loc":{"start":{"line":134,"column":28},"end":{"line":134,"column":143}},"type":"cond-expr","locations":[{"start":{"line":134,"column":49},"end":{"line":134,"column":51}},{"start":{"line":134,"column":49},"end":{"line":134,"column":143}}]},"34":{"loc":{"start":{"line":134,"column":28},"end":{"line":134,"column":51}},"type":"binary-expr","locations":[{"start":{"line":134,"column":28},"end":{"line":134,"column":51}},{"start":{"line":134,"column":49},"end":{"line":134,"column":51}}]},"35":{"loc":{"start":{"line":134,"column":28},"end":{"line":134,"column":49}},"type":"cond-expr","locations":[{"start":{"line":134,"column":37},"end":{"line":134,"column":39}},{"start":{"line":134,"column":28},"end":{"line":134,"column":49}}]},"36":{"loc":{"start":{"line":134,"column":28},"end":{"line":134,"column":39}},"type":"binary-expr","locations":[{"start":{"line":134,"column":28},"end":{"line":134,"column":39}},{"start":{"line":134,"column":28},"end":{"line":134,"column":39}}]},"37":{"loc":{"start":{"line":134,"column":71},"end":{"line":134,"column":142}},"type":"binary-expr","locations":[{"start":{"line":134,"column":71},"end":{"line":134,"column":98}},{"start":{"line":134,"column":102},"end":{"line":134,"column":142}}]},"38":{"loc":{"start":{"line":135,"column":19},"end":{"line":135,"column":79}},"type":"binary-expr","locations":[{"start":{"line":135,"column":19},"end":{"line":135,"column":73}},{"start":{"line":135,"column":77},"end":{"line":135,"column":79}}]},"39":{"loc":{"start":{"line":135,"column":19},"end":{"line":135,"column":73}},"type":"cond-expr","locations":[{"start":{"line":135,"column":34},"end":{"line":135,"column":36}},{"start":{"line":135,"column":19},"end":{"line":135,"column":73}}]},"40":{"loc":{"start":{"line":135,"column":19},"end":{"line":135,"column":36}},"type":"binary-expr","locations":[{"start":{"line":135,"column":19},"end":{"line":135,"column":36}},{"start":{"line":135,"column":19},"end":{"line":135,"column":36}}]},"41":{"loc":{"start":{"line":139,"column":4},"end":{"line":141,"column":5}},"type":"if","locations":[{"start":{"line":139,"column":4},"end":{"line":141,"column":5}},{"start":{},"end":{}}]},"42":{"loc":{"start":{"line":139,"column":8},"end":{"line":139,"column":50}},"type":"binary-expr","locations":[{"start":{"line":139,"column":8},"end":{"line":139,"column":15}},{"start":{"line":139,"column":19},"end":{"line":139,"column":50}}]},"43":{"loc":{"start":{"line":144,"column":54},"end":{"line":144,"column":99}},"type":"cond-expr","locations":[{"start":{"line":144,"column":93},"end":{"line":144,"column":97}},{"start":{"line":144,"column":97},"end":{"line":144,"column":99}}]},"44":{"loc":{"start":{"line":144,"column":54},"end":{"line":144,"column":97}},"type":"binary-expr","locations":[{"start":{"line":144,"column":54},"end":{"line":144,"column":97}},{"start":{"line":144,"column":93},"end":{"line":144,"column":97}}]},"45":{"loc":{"start":{"line":145,"column":11},"end":{"line":145,"column":109}},"type":"cond-expr","locations":[{"start":{"line":145,"column":50},"end":{"line":145,"column":101}},{"start":{"line":145,"column":104},"end":{"line":145,"column":109}}]},"46":{"loc":{"start":{"line":145,"column":12},"end":{"line":145,"column":47}},"type":"binary-expr","locations":[{"start":{"line":145,"column":12},"end":{"line":145,"column":30}},{"start":{"line":145,"column":34},"end":{"line":145,"column":46}}]},"47":{"loc":{"start":{"line":145,"column":34},"end":{"line":145,"column":46}},"type":"cond-expr","locations":[{"start":{"line":145,"column":41},"end":{"line":145,"column":43}},{"start":{"line":145,"column":34},"end":{"line":145,"column":46}}]},"48":{"loc":{"start":{"line":145,"column":34},"end":{"line":145,"column":43}},"type":"binary-expr","locations":[{"start":{"line":145,"column":34},"end":{"line":145,"column":43}},{"start":{"line":145,"column":34},"end":{"line":145,"column":43}}]},"49":{"loc":{"start":{"line":146,"column":19},"end":{"line":146,"column":72}},"type":"cond-expr","locations":[{"start":{"line":146,"column":58},"end":{"line":146,"column":65}},{"start":{"line":146,"column":68},"end":{"line":146,"column":72}}]},"50":{"loc":{"start":{"line":146,"column":20},"end":{"line":146,"column":55}},"type":"binary-expr","locations":[{"start":{"line":146,"column":20},"end":{"line":146,"column":38}},{"start":{"line":146,"column":42},"end":{"line":146,"column":54}}]},"51":{"loc":{"start":{"line":146,"column":42},"end":{"line":146,"column":54}},"type":"cond-expr","locations":[{"start":{"line":146,"column":49},"end":{"line":146,"column":51}},{"start":{"line":146,"column":42},"end":{"line":146,"column":54}}]},"52":{"loc":{"start":{"line":146,"column":42},"end":{"line":146,"column":51}},"type":"binary-expr","locations":[{"start":{"line":146,"column":42},"end":{"line":146,"column":51}},{"start":{"line":146,"column":42},"end":{"line":146,"column":51}}]},"53":{"loc":{"start":{"line":155,"column":2},"end":{"line":166,"column":3}},"type":"if","locations":[{"start":{"line":155,"column":2},"end":{"line":166,"column":3}},{"start":{},"end":{}}]},"54":{"loc":{"start":{"line":155,"column":6},"end":{"line":155,"column":75}},"type":"binary-expr","locations":[{"start":{"line":155,"column":6},"end":{"line":155,"column":29}},{"start":{"line":155,"column":33},"end":{"line":155,"column":75}}]},"55":{"loc":{"start":{"line":162,"column":4},"end":{"line":165,"column":5}},"type":"if","locations":[{"start":{"line":162,"column":4},"end":{"line":165,"column":5}},{"start":{},"end":{}}]},"56":{"loc":{"start":{"line":178,"column":14},"end":{"line":178,"column":61}},"type":"cond-expr","locations":[{"start":{"line":178,"column":46},"end":{"line":178,"column":54}},{"start":{"line":178,"column":57},"end":{"line":178,"column":61}}]},"57":{"loc":{"start":{"line":178,"column":15},"end":{"line":178,"column":42}},"type":"binary-expr","locations":[{"start":{"line":178,"column":15},"end":{"line":178,"column":23}},{"start":{"line":178,"column":27},"end":{"line":178,"column":42}}]},"58":{"loc":{"start":{"line":183,"column":2},"end":{"line":185,"column":3}},"type":"if","locations":[{"start":{"line":183,"column":2},"end":{"line":185,"column":3}},{"start":{},"end":{}}]},"59":{"loc":{"start":{"line":183,"column":6},"end":{"line":183,"column":67}},"type":"binary-expr","locations":[{"start":{"line":183,"column":6},"end":{"line":183,"column":28}},{"start":{"line":183,"column":32},"end":{"line":183,"column":67}}]},"60":{"loc":{"start":{"line":189,"column":22},"end":{"line":189,"column":51}},"type":"cond-expr","locations":[{"start":{"line":189,"column":43},"end":{"line":189,"column":45}},{"start":{"line":189,"column":43},"end":{"line":189,"column":51}}]},"61":{"loc":{"start":{"line":189,"column":22},"end":{"line":189,"column":45}},"type":"binary-expr","locations":[{"start":{"line":189,"column":22},"end":{"line":189,"column":45}},{"start":{"line":189,"column":43},"end":{"line":189,"column":45}}]},"62":{"loc":{"start":{"line":190,"column":16},"end":{"line":190,"column":49}},"type":"cond-expr","locations":[{"start":{"line":190,"column":37},"end":{"line":190,"column":39}},{"start":{"line":190,"column":37},"end":{"line":190,"column":49}}]},"63":{"loc":{"start":{"line":190,"column":16},"end":{"line":190,"column":39}},"type":"binary-expr","locations":[{"start":{"line":190,"column":16},"end":{"line":190,"column":39}},{"start":{"line":190,"column":37},"end":{"line":190,"column":39}}]},"64":{"loc":{"start":{"line":194,"column":2},"end":{"line":205,"column":3}},"type":"if","locations":[{"start":{"line":194,"column":2},"end":{"line":205,"column":3}},{"start":{},"end":{}}]},"65":{"loc":{"start":{"line":194,"column":6},"end":{"line":194,"column":51}},"type":"binary-expr","locations":[{"start":{"line":194,"column":6},"end":{"line":194,"column":22}},{"start":{"line":194,"column":26},"end":{"line":194,"column":49}}]},"66":{"loc":{"start":{"line":194,"column":26},"end":{"line":194,"column":49}},"type":"cond-expr","locations":[{"start":{"line":194,"column":39},"end":{"line":194,"column":41}},{"start":{"line":194,"column":26},"end":{"line":194,"column":49}}]},"67":{"loc":{"start":{"line":194,"column":26},"end":{"line":194,"column":41}},"type":"binary-expr","locations":[{"start":{"line":194,"column":26},"end":{"line":194,"column":41}},{"start":{"line":194,"column":26},"end":{"line":194,"column":41}}]},"68":{"loc":{"start":{"line":195,"column":22},"end":{"line":195,"column":58}},"type":"default-arg","locations":[{"start":{"line":195,"column":33},"end":{"line":195,"column":58}}]},"69":{"loc":{"start":{"line":201,"column":16},"end":{"line":201,"column":32}},"type":"cond-expr","locations":[{"start":{"line":201,"column":22},"end":{"line":201,"column":24}},{"start":{"line":201,"column":16},"end":{"line":201,"column":32}}]},"70":{"loc":{"start":{"line":201,"column":16},"end":{"line":201,"column":24}},"type":"binary-expr","locations":[{"start":{"line":201,"column":16},"end":{"line":201,"column":24}},{"start":{"line":201,"column":16},"end":{"line":201,"column":24}}]},"71":{"loc":{"start":{"line":202,"column":13},"end":{"line":202,"column":73}},"type":"cond-expr","locations":[{"start":{"line":202,"column":28},"end":{"line":202,"column":61}},{"start":{"line":202,"column":64},"end":{"line":202,"column":73}}]},"72":{"loc":{"start":{"line":202,"column":13},"end":{"line":202,"column":25}},"type":"cond-expr","locations":[{"start":{"line":202,"column":19},"end":{"line":202,"column":21}},{"start":{"line":202,"column":13},"end":{"line":202,"column":25}}]},"73":{"loc":{"start":{"line":202,"column":13},"end":{"line":202,"column":21}},"type":"binary-expr","locations":[{"start":{"line":202,"column":13},"end":{"line":202,"column":21}},{"start":{"line":202,"column":13},"end":{"line":202,"column":21}}]},"74":{"loc":{"start":{"line":207,"column":2},"end":{"line":211,"column":3}},"type":"if","locations":[{"start":{"line":207,"column":2},"end":{"line":211,"column":3}},{"start":{},"end":{}}]},"75":{"loc":{"start":{"line":207,"column":6},"end":{"line":207,"column":25}},"type":"cond-expr","locations":[{"start":{"line":207,"column":17},"end":{"line":207,"column":19}},{"start":{"line":207,"column":6},"end":{"line":207,"column":25}}]},"76":{"loc":{"start":{"line":207,"column":6},"end":{"line":207,"column":19}},"type":"binary-expr","locations":[{"start":{"line":207,"column":6},"end":{"line":207,"column":19}},{"start":{"line":207,"column":6},"end":{"line":207,"column":19}}]},"77":{"loc":{"start":{"line":222,"column":9},"end":{"line":222,"column":36}},"type":"cond-expr","locations":[{"start":{"line":222,"column":26},"end":{"line":222,"column":32}},{"start":{"line":222,"column":35},"end":{"line":222,"column":36}}]},"78":{"loc":{"start":{"line":236,"column":19},"end":{"line":236,"column":63}},"type":"cond-expr","locations":[{"start":{"line":236,"column":49},"end":{"line":236,"column":53}},{"start":{"line":236,"column":53},"end":{"line":236,"column":63}}]},"79":{"loc":{"start":{"line":236,"column":19},"end":{"line":236,"column":53}},"type":"binary-expr","locations":[{"start":{"line":236,"column":19},"end":{"line":236,"column":53}},{"start":{"line":236,"column":49},"end":{"line":236,"column":53}}]},"80":{"loc":{"start":{"line":236,"column":19},"end":{"line":236,"column":49}},"type":"cond-expr","locations":[{"start":{"line":236,"column":34},"end":{"line":236,"column":36}},{"start":{"line":236,"column":19},"end":{"line":236,"column":49}}]},"81":{"loc":{"start":{"line":236,"column":19},"end":{"line":236,"column":36}},"type":"binary-expr","locations":[{"start":{"line":236,"column":19},"end":{"line":236,"column":36}},{"start":{"line":236,"column":19},"end":{"line":236,"column":36}}]},"82":{"loc":{"start":{"line":238,"column":39},"end":{"line":238,"column":94}},"type":"cond-expr","locations":[{"start":{"line":238,"column":59},"end":{"line":238,"column":69}},{"start":{"line":238,"column":72},"end":{"line":238,"column":94}}]},"83":{"loc":{"start":{"line":239,"column":5},"end":{"line":239,"column":32}},"type":"binary-expr","locations":[{"start":{"line":239,"column":5},"end":{"line":239,"column":26}},{"start":{"line":239,"column":30},"end":{"line":239,"column":32}}]},"84":{"loc":{"start":{"line":239,"column":5},"end":{"line":239,"column":26}},"type":"cond-expr","locations":[{"start":{"line":239,"column":14},"end":{"line":239,"column":16}},{"start":{"line":239,"column":5},"end":{"line":239,"column":26}}]},"85":{"loc":{"start":{"line":239,"column":5},"end":{"line":239,"column":16}},"type":"binary-expr","locations":[{"start":{"line":239,"column":5},"end":{"line":239,"column":16}},{"start":{"line":239,"column":5},"end":{"line":239,"column":16}}]},"86":{"loc":{"start":{"line":256,"column":2},"end":{"line":258,"column":3}},"type":"if","locations":[{"start":{"line":256,"column":2},"end":{"line":258,"column":3}},{"start":{},"end":{}}]},"87":{"loc":{"start":{"line":269,"column":4},"end":{"line":271,"column":5}},"type":"if","locations":[{"start":{"line":269,"column":4},"end":{"line":271,"column":5}},{"start":{},"end":{}}]},"88":{"loc":{"start":{"line":270,"column":29},"end":{"line":270,"column":79}},"type":"binary-expr","locations":[{"start":{"line":270,"column":29},"end":{"line":270,"column":64}},{"start":{"line":270,"column":68},"end":{"line":270,"column":79}}]},"89":{"loc":{"start":{"line":295,"column":2},"end":{"line":297,"column":3}},"type":"if","locations":[{"start":{"line":295,"column":2},"end":{"line":297,"column":3}},{"start":{},"end":{}}]}},"s":{"0":2,"1":2,"2":2,"3":2,"4":2,"5":2,"6":2,"7":2,"8":7,"9":7,"10":9,"11":7,"12":6,"13":6,"14":6,"15":7,"16":7,"17":7,"18":7,"19":0,"20":0,"21":0,"22":0,"23":0,"24":0,"25":0,"26":0,"27":0,"28":0,"29":0,"30":0,"31":0,"32":0,"33":0,"34":0,"35":0,"36":0,"37":0,"38":0,"39":0,"40":0,"41":0,"42":0,"43":0,"44":0,"45":0,"46":0,"47":0,"48":0,"49":0,"50":0,"51":5,"52":5,"53":5,"54":5,"55":0,"56":5,"57":5,"58":5,"59":4,"60":1,"61":1,"62":0,"63":1,"64":0,"65":1,"66":0,"67":1,"68":1,"69":1,"70":5,"71":5,"72":2,"73":2,"74":2,"75":2,"76":2,"77":5,"78":5,"79":0,"80":5,"81":5,"82":0,"83":0,"84":0,"85":5,"86":0,"87":0,"88":5,"89":0,"90":0,"91":0,"92":0,"93":0,"94":0,"95":0,"96":0,"97":0,"98":0,"99":0,"100":0,"101":0,"102":0,"103":0,"104":0,"105":0,"106":0,"107":0,"108":0,"109":0,"110":0,"111":0,"112":0,"113":0,"114":0,"115":0,"116":0,"117":0,"118":0,"119":0,"120":0,"121":0},"f":{"0":7,"1":9,"2":7,"3":0,"4":0,"5":0,"6":0,"7":0,"8":0,"9":5,"10":0,"11":0,"12":0,"13":2,"14":0,"15":0,"16":0,"17":0,"18":0,"19":0,"20":0,"21":0,"22":0},"b":{"0":[0,7],"1":[7,7],"2":[6,1],"3":[6,0],"4":[0,6],"5":[6,6],"6":[7,0],"7":[0],"8":[0,0],"9":[0,0],"10":[0,0],"11":[0,0],"12":[0,0],"13":[0,0],"14":[0,0],"15":[0,0],"16":[0,0],"17":[0,0],"18":[0,0],"19":[0,0],"20":[0,0],"21":[0,0],"22":[0,0],"23":[0,0],"24":[0,0],"25":[0,5],"26":[5,5],"27":[0,5],"28":[4,1],"29":[5,5],"30":[4,0],"31":[1,0],"32":[1,1],"33":[0,1],"34":[1,1],"35":[0,1],"36":[1,1],"37":[0,0],"38":[1,0],"39":[0,1],"40":[1,1],"41":[1,0],"42":[1,1],"43":[5,0],"44":[5,5],"45":[4,1],"46":[5,4],"47":[0,4],"48":[4,4],"49":[4,1],"50":[5,4],"51":[0,4],"52":[4,4],"53":[2,3],"54":[5,5],"55":[2,0],"56":[4,1],"57":[5,4],"58":[0,5],"59":[5,5],"60":[0,5],"61":[5,5],"62":[0,5],"63":[5,5],"64":[0,5],"65":[5,0],"66":[0,0],"67":[0,0],"68":[0],"69":[0,0],"70":[0,0],"71":[0,0],"72":[0,0],"73":[0,0],"74":[0,5],"75":[5,0],"76":[5,5],"77":[0,0],"78":[0,0],"79":[0,0],"80":[0,0],"81":[0,0],"82":[0,0],"83":[0,0],"84":[0,0],"85":[0,0],"86":[0,0],"87":[0,0],"88":[0,0],"89":[0,0]}}
,"/Users/adamcabrera/Dev/arcgis-experience-builder-1.19/client/your-extensions/widgets/query-simple/src/runtime/results-management-utils.ts": {"path":"/Users/adamcabrera/Dev/arcgis-experience-builder-1.19/client/your-extensions/widgets/query-simple/src/runtime/results-management-utils.ts","statementMap":{"0":{"start":{"line":21,"column":0},"end":{"line":21,"column":16}},"1":{"start":{"line":49,"column":0},"end":{"line":49,"column":22}},"2":{"start":{"line":127,"column":0},"end":{"line":127,"column":16}},"3":{"start":{"line":199,"column":0},"end":{"line":199,"column":16}},"4":{"start":{"line":286,"column":0},"end":{"line":286,"column":16}},"5":{"start":{"line":431,"column":0},"end":{"line":431,"column":16}},"6":{"start":{"line":7,"column":0},"end":{"line":7,"column":163}},"7":{"start":{"line":8,"column":0},"end":{"line":8,"column":73}},"8":{"start":{"line":9,"column":0},"end":{"line":9,"column":64}},"9":{"start":{"line":11,"column":20},"end":{"line":11,"column":50}},"10":{"start":{"line":25,"column":19},"end":{"line":25,"column":81}},"11":{"start":{"line":26,"column":21},"end":{"line":26,"column":48}},"12":{"start":{"line":27,"column":19},"end":{"line":27,"column":33}},"13":{"start":{"line":28,"column":14},"end":{"line":28,"column":41}},"14":{"start":{"line":30,"column":2},"end":{"line":36,"column":null}},"15":{"start":{"line":38,"column":2},"end":{"line":38,"column":null}},"16":{"start":{"line":53,"column":26},"end":{"line":53,"column":59}},"17":{"start":{"line":55,"column":2},"end":{"line":60,"column":null}},"18":{"start":{"line":63,"column":20},"end":{"line":63,"column":51}},"19":{"start":{"line":64,"column":22},"end":{"line":64,"column":88}},"20":{"start":{"line":66,"column":2},"end":{"line":72,"column":3}},"21":{"start":{"line":67,"column":4},"end":{"line":70,"column":null}},"22":{"start":{"line":71,"column":4},"end":{"line":71,"column":null}},"23":{"start":{"line":75,"column":31},"end":{"line":75,"column":59}},"24":{"start":{"line":78,"column":31},"end":{"line":94,"column":null}},"25":{"start":{"line":98,"column":2},"end":{"line":98,"column":null}},"26":{"start":{"line":101,"column":2},"end":{"line":101,"column":null}},"27":{"start":{"line":102,"column":2},"end":{"line":102,"column":null}},"28":{"start":{"line":104,"column":2},"end":{"line":109,"column":null}},"29":{"start":{"line":111,"column":2},"end":{"line":111,"column":null}},"30":{"start":{"line":132,"column":2},"end":{"line":137,"column":null}},"31":{"start":{"line":140,"column":23},"end":{"line":141,"column":null}},"32":{"start":{"line":141,"column":34},"end":{"line":141,"column":64}},"33":{"start":{"line":144,"column":2},"end":{"line":148,"column":null}},"34":{"start":{"line":151,"column":27},"end":{"line":164,"column":4}},"35":{"start":{"line":152,"column":16},"end":{"line":152,"column":46}},"36":{"start":{"line":153,"column":24},"end":{"line":153,"column":45}},"37":{"start":{"line":155,"column":4},"end":{"line":161,"column":5}},"38":{"start":{"line":156,"column":6},"end":{"line":160,"column":null}},"39":{"start":{"line":163,"column":4},"end":{"line":163,"column":null}},"40":{"start":{"line":166,"column":2},"end":{"line":171,"column":null}},"41":{"start":{"line":174,"column":24},"end":{"line":174,"column":65}},"42":{"start":{"line":176,"column":2},"end":{"line":181,"column":null}},"43":{"start":{"line":183,"column":2},"end":{"line":183,"column":null}},"44":{"start":{"line":204,"column":2},"end":{"line":209,"column":null}},"45":{"start":{"line":212,"column":2},"end":{"line":218,"column":3}},"46":{"start":{"line":213,"column":4},"end":{"line":216,"column":null}},"47":{"start":{"line":217,"column":4},"end":{"line":217,"column":null}},"48":{"start":{"line":221,"column":2},"end":{"line":228,"column":3}},"49":{"start":{"line":222,"column":4},"end":{"line":226,"column":null}},"50":{"start":{"line":227,"column":4},"end":{"line":227,"column":null}},"51":{"start":{"line":231,"column":21},"end":{"line":232,"column":null}},"52":{"start":{"line":232,"column":34},"end":{"line":232,"column":64}},"53":{"start":{"line":235,"column":2},"end":{"line":239,"column":null}},"54":{"start":{"line":242,"column":48},"end":{"line":242,"column":50}},"55":{"start":{"line":243,"column":46},"end":{"line":243,"column":48}},"56":{"start":{"line":245,"column":2},"end":{"line":260,"column":null}},"57":{"start":{"line":246,"column":16},"end":{"line":246,"column":46}},"58":{"start":{"line":247,"column":25},"end":{"line":247,"column":44}},"59":{"start":{"line":249,"column":4},"end":{"line":259,"column":5}},"60":{"start":{"line":250,"column":6},"end":{"line":250,"column":null}},"61":{"start":{"line":251,"column":6},"end":{"line":256,"column":null}},"62":{"start":{"line":258,"column":6},"end":{"line":258,"column":null}},"63":{"start":{"line":262,"column":2},"end":{"line":269,"column":null}},"64":{"start":{"line":271,"column":2},"end":{"line":271,"column":null}},"65":{"start":{"line":293,"column":2},"end":{"line":300,"column":null}},"66":{"start":{"line":302,"column":2},"end":{"line":308,"column":3}},"67":{"start":{"line":303,"column":4},"end":{"line":306,"column":null}},"68":{"start":{"line":307,"column":4},"end":{"line":307,"column":10}},"69":{"start":{"line":311,"column":2},"end":{"line":320,"column":3}},"70":{"start":{"line":312,"column":30},"end":{"line":312,"column":75}},"71":{"start":{"line":312,"column":60},"end":{"line":312,"column":74}},"72":{"start":{"line":313,"column":4},"end":{"line":318,"column":null}},"73":{"start":{"line":319,"column":4},"end":{"line":319,"column":null}},"74":{"start":{"line":323,"column":28},"end":{"line":323,"column":82}},"75":{"start":{"line":325,"column":2},"end":{"line":342,"column":null}},"76":{"start":{"line":326,"column":21},"end":{"line":326,"column":71}},"77":{"start":{"line":327,"column":50},"end":{"line":327,"column":54}},"78":{"start":{"line":329,"column":4},"end":{"line":334,"column":5}},"79":{"start":{"line":330,"column":6},"end":{"line":330,"column":null}},"80":{"start":{"line":333,"column":6},"end":{"line":333,"column":null}},"81":{"start":{"line":336,"column":4},"end":{"line":341,"column":5}},"82":{"start":{"line":337,"column":6},"end":{"line":339,"column":7}},"83":{"start":{"line":338,"column":8},"end":{"line":338,"column":null}},"84":{"start":{"line":340,"column":6},"end":{"line":340,"column":null}},"85":{"start":{"line":344,"column":2},"end":{"line":352,"column":null}},"86":{"start":{"line":348,"column":87},"end":{"line":351,"column":6}},"87":{"start":{"line":355,"column":2},"end":{"line":416,"column":null}},"88":{"start":{"line":356,"column":4},"end":{"line":415,"column":5}},"89":{"start":{"line":358,"column":37},"end":{"line":358,"column":72}},"90":{"start":{"line":359,"column":33},"end":{"line":359,"column":70}},"91":{"start":{"line":361,"column":6},"end":{"line":367,"column":null}},"92":{"start":{"line":370,"column":26},"end":{"line":371,"column":null}},"93":{"start":{"line":371,"column":47},"end":{"line":371,"column":61}},"94":{"start":{"line":375,"column":31},"end":{"line":378,"column":8}},"95":{"start":{"line":376,"column":25},"end":{"line":376,"column":39}},"96":{"start":{"line":377,"column":8},"end":{"line":377,"column":null}},"97":{"start":{"line":380,"column":27},"end":{"line":380,"column":73}},"98":{"start":{"line":380,"column":58},"end":{"line":380,"column":72}},"99":{"start":{"line":382,"column":6},"end":{"line":388,"column":null}},"100":{"start":{"line":391,"column":6},"end":{"line":393,"column":7}},"101":{"start":{"line":392,"column":8},"end":{"line":392,"column":null}},"102":{"start":{"line":396,"column":6},"end":{"line":398,"column":null}},"103":{"start":{"line":400,"column":6},"end":{"line":406,"column":null}},"104":{"start":{"line":408,"column":6},"end":{"line":414,"column":null}},"105":{"start":{"line":418,"column":2},"end":{"line":423,"column":null}},"106":{"start":{"line":434,"column":2},"end":{"line":437,"column":null}},"107":{"start":{"line":440,"column":2},"end":{"line":440,"column":null}},"108":{"start":{"line":441,"column":2},"end":{"line":441,"column":null}},"109":{"start":{"line":446,"column":2},"end":{"line":449,"column":null}}},"fnMap":{"0":{"name":"getRecordKey","decl":{"start":{"line":21,"column":16},"end":{"line":21,"column":28}},"loc":{"start":{"line":23,"column":34},"end":{"line":39,"column":1}}},"1":{"name":"createAccumulatedResultsDataSource","decl":{"start":{"line":49,"column":22},"end":{"line":49,"column":56}},"loc":{"start":{"line":51,"column":34},"end":{"line":112,"column":null}}},"2":{"name":"mergeResultsIntoAccumulated","decl":{"start":{"line":127,"column":16},"end":{"line":127,"column":43}},"loc":{"start":{"line":130,"column":43},"end":{"line":184,"column":1}}},"3":{"name":"(anonymous_11)","decl":{"start":{"line":141,"column":24},"end":{"line":141,"column":30}},"loc":{"start":{"line":141,"column":34},"end":{"line":141,"column":64}}},"4":{"name":"(anonymous_12)","decl":{"start":{"line":151,"column":45},"end":{"line":151,"column":51}},"loc":{"start":{"line":151,"column":54},"end":{"line":164,"column":3}}},"5":{"name":"removeResultsFromAccumulated","decl":{"start":{"line":199,"column":16},"end":{"line":199,"column":44}},"loc":{"start":{"line":202,"column":54},"end":{"line":272,"column":1}}},"6":{"name":"(anonymous_14)","decl":{"start":{"line":232,"column":24},"end":{"line":232,"column":30}},"loc":{"start":{"line":232,"column":34},"end":{"line":232,"column":64}}},"7":{"name":"(anonymous_15)","decl":{"start":{"line":245,"column":37},"end":{"line":245,"column":43}},"loc":{"start":{"line":245,"column":46},"end":{"line":260,"column":3}}},"8":{"name":"removeRecordsFromOriginSelections","decl":{"start":{"line":286,"column":16},"end":{"line":286,"column":49}},"loc":{"start":{"line":291,"column":38},"end":{"line":424,"column":1}}},"9":{"name":"(anonymous_17)","decl":{"start":{"line":312,"column":50},"end":{"line":312,"column":56}},"loc":{"start":{"line":312,"column":60},"end":{"line":312,"column":74}}},"10":{"name":"(anonymous_18)","decl":{"start":{"line":325,"column":26},"end":{"line":325,"column":32}},"loc":{"start":{"line":325,"column":35},"end":{"line":342,"column":3}}},"11":{"name":"(anonymous_19)","decl":{"start":{"line":348,"column":67},"end":{"line":348,"column":68}},"loc":{"start":{"line":348,"column":87},"end":{"line":351,"column":6}}},"12":{"name":"(anonymous_20)","decl":{"start":{"line":355,"column":28},"end":{"line":355,"column":29}},"loc":{"start":{"line":355,"column":67},"end":{"line":416,"column":3}}},"13":{"name":"(anonymous_21)","decl":{"start":{"line":371,"column":37},"end":{"line":371,"column":43}},"loc":{"start":{"line":371,"column":47},"end":{"line":371,"column":61}}},"14":{"name":"(anonymous_22)","decl":{"start":{"line":375,"column":61},"end":{"line":375,"column":67}},"loc":{"start":{"line":375,"column":70},"end":{"line":378,"column":7}}},"15":{"name":"(anonymous_23)","decl":{"start":{"line":380,"column":48},"end":{"line":380,"column":54}},"loc":{"start":{"line":380,"column":58},"end":{"line":380,"column":72}}},"16":{"name":"clearAccumulatedResults","decl":{"start":{"line":431,"column":16},"end":{"line":431,"column":39}},"loc":{"start":{"line":432,"column":39},"end":{"line":450,"column":1}}}},"branchMap":{"0":{"loc":{"start":{"line":25,"column":19},"end":{"line":25,"column":81}},"type":"cond-expr","locations":[{"start":{"line":25,"column":50},"end":{"line":25,"column":53}},{"start":{"line":25,"column":50},"end":{"line":25,"column":81}}]},"1":{"loc":{"start":{"line":25,"column":19},"end":{"line":25,"column":53}},"type":"binary-expr","locations":[{"start":{"line":25,"column":19},"end":{"line":25,"column":53}},{"start":{"line":25,"column":50},"end":{"line":25,"column":53}}]},"2":{"loc":{"start":{"line":26,"column":21},"end":{"line":26,"column":48}},"type":"binary-expr","locations":[{"start":{"line":26,"column":21},"end":{"line":26,"column":33}},{"start":{"line":26,"column":37},"end":{"line":26,"column":48}}]},"3":{"loc":{"start":{"line":26,"column":21},"end":{"line":26,"column":33}},"type":"cond-expr","locations":[{"start":{"line":26,"column":29},"end":{"line":26,"column":31}},{"start":{"line":26,"column":21},"end":{"line":26,"column":33}}]},"4":{"loc":{"start":{"line":26,"column":21},"end":{"line":26,"column":31}},"type":"binary-expr","locations":[{"start":{"line":26,"column":21},"end":{"line":26,"column":31}},{"start":{"line":26,"column":21},"end":{"line":26,"column":31}}]},"5":{"loc":{"start":{"line":66,"column":2},"end":{"line":72,"column":3}},"type":"if","locations":[{"start":{"line":66,"column":2},"end":{"line":72,"column":3}},{"start":{},"end":{}}]},"6":{"loc":{"start":{"line":81,"column":10},"end":{"line":81,"column":36}},"type":"cond-expr","locations":[{"start":{"line":81,"column":30},"end":{"line":81,"column":32}},{"start":{"line":81,"column":10},"end":{"line":81,"column":36}}]},"7":{"loc":{"start":{"line":81,"column":10},"end":{"line":81,"column":32}},"type":"binary-expr","locations":[{"start":{"line":81,"column":10},"end":{"line":81,"column":32}},{"start":{"line":81,"column":10},"end":{"line":81,"column":32}}]},"8":{"loc":{"start":{"line":82,"column":18},"end":{"line":82,"column":52}},"type":"cond-expr","locations":[{"start":{"line":82,"column":38},"end":{"line":82,"column":40}},{"start":{"line":82,"column":18},"end":{"line":82,"column":52}}]},"9":{"loc":{"start":{"line":82,"column":18},"end":{"line":82,"column":40}},"type":"binary-expr","locations":[{"start":{"line":82,"column":18},"end":{"line":82,"column":40}},{"start":{"line":82,"column":18},"end":{"line":82,"column":40}}]},"10":{"loc":{"start":{"line":83,"column":9},"end":{"line":83,"column":34}},"type":"cond-expr","locations":[{"start":{"line":83,"column":29},"end":{"line":83,"column":31}},{"start":{"line":83,"column":9},"end":{"line":83,"column":34}}]},"11":{"loc":{"start":{"line":83,"column":9},"end":{"line":83,"column":31}},"type":"binary-expr","locations":[{"start":{"line":83,"column":9},"end":{"line":83,"column":31}},{"start":{"line":83,"column":9},"end":{"line":83,"column":31}}]},"12":{"loc":{"start":{"line":84,"column":12},"end":{"line":84,"column":40}},"type":"cond-expr","locations":[{"start":{"line":84,"column":32},"end":{"line":84,"column":34}},{"start":{"line":84,"column":12},"end":{"line":84,"column":40}}]},"13":{"loc":{"start":{"line":84,"column":12},"end":{"line":84,"column":34}},"type":"binary-expr","locations":[{"start":{"line":84,"column":12},"end":{"line":84,"column":34}},{"start":{"line":84,"column":12},"end":{"line":84,"column":34}}]},"14":{"loc":{"start":{"line":85,"column":15},"end":{"line":85,"column":46}},"type":"cond-expr","locations":[{"start":{"line":85,"column":35},"end":{"line":85,"column":37}},{"start":{"line":85,"column":15},"end":{"line":85,"column":46}}]},"15":{"loc":{"start":{"line":85,"column":15},"end":{"line":85,"column":37}},"type":"binary-expr","locations":[{"start":{"line":85,"column":15},"end":{"line":85,"column":37}},{"start":{"line":85,"column":15},"end":{"line":85,"column":37}}]},"16":{"loc":{"start":{"line":91,"column":13},"end":{"line":91,"column":42}},"type":"cond-expr","locations":[{"start":{"line":91,"column":33},"end":{"line":91,"column":35}},{"start":{"line":91,"column":13},"end":{"line":91,"column":42}}]},"17":{"loc":{"start":{"line":91,"column":13},"end":{"line":91,"column":35}},"type":"binary-expr","locations":[{"start":{"line":91,"column":13},"end":{"line":91,"column":35}},{"start":{"line":91,"column":13},"end":{"line":91,"column":35}}]},"18":{"loc":{"start":{"line":92,"column":32},"end":{"line":92,"column":80}},"type":"cond-expr","locations":[{"start":{"line":92,"column":52},"end":{"line":92,"column":54}},{"start":{"line":92,"column":32},"end":{"line":92,"column":80}}]},"19":{"loc":{"start":{"line":92,"column":32},"end":{"line":92,"column":54}},"type":"binary-expr","locations":[{"start":{"line":92,"column":32},"end":{"line":92,"column":54}},{"start":{"line":92,"column":32},"end":{"line":92,"column":54}}]},"20":{"loc":{"start":{"line":130,"column":2},"end":{"line":130,"column":43}},"type":"default-arg","locations":[{"start":{"line":130,"column":41},"end":{"line":130,"column":43}}]},"21":{"loc":{"start":{"line":155,"column":4},"end":{"line":161,"column":5}},"type":"if","locations":[{"start":{"line":155,"column":4},"end":{"line":161,"column":5}},{"start":{},"end":{}}]},"22":{"loc":{"start":{"line":202,"column":2},"end":{"line":202,"column":54}},"type":"default-arg","locations":[{"start":{"line":202,"column":52},"end":{"line":202,"column":54}}]},"23":{"loc":{"start":{"line":212,"column":2},"end":{"line":218,"column":3}},"type":"if","locations":[{"start":{"line":212,"column":2},"end":{"line":218,"column":3}},{"start":{},"end":{}}]},"24":{"loc":{"start":{"line":221,"column":2},"end":{"line":228,"column":3}},"type":"if","locations":[{"start":{"line":221,"column":2},"end":{"line":228,"column":3}},{"start":{},"end":{}}]},"25":{"loc":{"start":{"line":249,"column":4},"end":{"line":259,"column":5}},"type":"if","locations":[{"start":{"line":249,"column":4},"end":{"line":259,"column":5}},{"start":{"line":257,"column":11},"end":{"line":259,"column":5}}]},"26":{"loc":{"start":{"line":255,"column":20},"end":{"line":255,"column":118}},"type":"binary-expr","locations":[{"start":{"line":255,"column":20},"end":{"line":255,"column":105}},{"start":{"line":255,"column":109},"end":{"line":255,"column":118}}]},"27":{"loc":{"start":{"line":255,"column":20},"end":{"line":255,"column":105}},"type":"cond-expr","locations":[{"start":{"line":255,"column":101},"end":{"line":255,"column":103}},{"start":{"line":255,"column":101},"end":{"line":255,"column":105}}]},"28":{"loc":{"start":{"line":255,"column":20},"end":{"line":255,"column":103}},"type":"binary-expr","locations":[{"start":{"line":255,"column":20},"end":{"line":255,"column":103}},{"start":{"line":255,"column":101},"end":{"line":255,"column":103}}]},"29":{"loc":{"start":{"line":255,"column":20},"end":{"line":255,"column":101}},"type":"cond-expr","locations":[{"start":{"line":255,"column":96},"end":{"line":255,"column":99}},{"start":{"line":255,"column":96},"end":{"line":255,"column":101}}]},"30":{"loc":{"start":{"line":255,"column":20},"end":{"line":255,"column":99}},"type":"binary-expr","locations":[{"start":{"line":255,"column":20},"end":{"line":255,"column":99}},{"start":{"line":255,"column":96},"end":{"line":255,"column":99}}]},"31":{"loc":{"start":{"line":255,"column":20},"end":{"line":255,"column":96}},"type":"cond-expr","locations":[{"start":{"line":255,"column":72},"end":{"line":255,"column":74}},{"start":{"line":255,"column":72},"end":{"line":255,"column":96}}]},"32":{"loc":{"start":{"line":255,"column":20},"end":{"line":255,"column":74}},"type":"binary-expr","locations":[{"start":{"line":255,"column":20},"end":{"line":255,"column":74}},{"start":{"line":255,"column":72},"end":{"line":255,"column":74}}]},"33":{"loc":{"start":{"line":255,"column":21},"end":{"line":255,"column":72}},"type":"cond-expr","locations":[{"start":{"line":255,"column":41},"end":{"line":255,"column":72}},{"start":{"line":255,"column":41},"end":{"line":255,"column":72}}]},"34":{"loc":{"start":{"line":255,"column":21},"end":{"line":255,"column":72}},"type":"binary-expr","locations":[{"start":{"line":255,"column":21},"end":{"line":255,"column":72}},{"start":{"line":255,"column":41},"end":{"line":255,"column":72}}]},"35":{"loc":{"start":{"line":302,"column":2},"end":{"line":308,"column":3}},"type":"if","locations":[{"start":{"line":302,"column":2},"end":{"line":308,"column":3}},{"start":{},"end":{}}]},"36":{"loc":{"start":{"line":311,"column":2},"end":{"line":320,"column":3}},"type":"if","locations":[{"start":{"line":311,"column":2},"end":{"line":320,"column":3}},{"start":{},"end":{}}]},"37":{"loc":{"start":{"line":311,"column":6},"end":{"line":311,"column":39}},"type":"binary-expr","locations":[{"start":{"line":311,"column":6},"end":{"line":311,"column":22}},{"start":{"line":311,"column":26},"end":{"line":311,"column":39}}]},"38":{"loc":{"start":{"line":326,"column":21},"end":{"line":326,"column":71}},"type":"cond-expr","locations":[{"start":{"line":326,"column":41},"end":{"line":326,"column":71}},{"start":{"line":326,"column":41},"end":{"line":326,"column":71}}]},"39":{"loc":{"start":{"line":326,"column":21},"end":{"line":326,"column":71}},"type":"binary-expr","locations":[{"start":{"line":326,"column":21},"end":{"line":326,"column":71}},{"start":{"line":326,"column":41},"end":{"line":326,"column":71}}]},"40":{"loc":{"start":{"line":329,"column":4},"end":{"line":334,"column":5}},"type":"if","locations":[{"start":{"line":329,"column":4},"end":{"line":334,"column":5}},{"start":{"line":331,"column":11},"end":{"line":334,"column":5}}]},"41":{"loc":{"start":{"line":330,"column":17},"end":{"line":330,"column":91}},"type":"binary-expr","locations":[{"start":{"line":330,"column":17},"end":{"line":330,"column":79}},{"start":{"line":330,"column":83},"end":{"line":330,"column":91}}]},"42":{"loc":{"start":{"line":330,"column":17},"end":{"line":330,"column":79}},"type":"cond-expr","locations":[{"start":{"line":330,"column":48},"end":{"line":330,"column":51}},{"start":{"line":330,"column":48},"end":{"line":330,"column":79}}]},"43":{"loc":{"start":{"line":330,"column":17},"end":{"line":330,"column":51}},"type":"binary-expr","locations":[{"start":{"line":330,"column":17},"end":{"line":330,"column":51}},{"start":{"line":330,"column":48},"end":{"line":330,"column":51}}]},"44":{"loc":{"start":{"line":333,"column":17},"end":{"line":333,"column":87}},"type":"binary-expr","locations":[{"start":{"line":333,"column":17},"end":{"line":333,"column":79}},{"start":{"line":333,"column":83},"end":{"line":333,"column":87}}]},"45":{"loc":{"start":{"line":333,"column":17},"end":{"line":333,"column":79}},"type":"cond-expr","locations":[{"start":{"line":333,"column":48},"end":{"line":333,"column":51}},{"start":{"line":333,"column":48},"end":{"line":333,"column":79}}]},"46":{"loc":{"start":{"line":333,"column":17},"end":{"line":333,"column":51}},"type":"binary-expr","locations":[{"start":{"line":333,"column":17},"end":{"line":333,"column":51}},{"start":{"line":333,"column":48},"end":{"line":333,"column":51}}]},"47":{"loc":{"start":{"line":336,"column":4},"end":{"line":341,"column":5}},"type":"if","locations":[{"start":{"line":336,"column":4},"end":{"line":341,"column":5}},{"start":{},"end":{}}]},"48":{"loc":{"start":{"line":337,"column":6},"end":{"line":339,"column":7}},"type":"if","locations":[{"start":{"line":337,"column":6},"end":{"line":339,"column":7}},{"start":{},"end":{}}]},"49":{"loc":{"start":{"line":358,"column":37},"end":{"line":358,"column":72}},"type":"binary-expr","locations":[{"start":{"line":358,"column":37},"end":{"line":358,"column":66}},{"start":{"line":358,"column":70},"end":{"line":358,"column":72}}]},"50":{"loc":{"start":{"line":359,"column":33},"end":{"line":359,"column":70}},"type":"binary-expr","locations":[{"start":{"line":359,"column":33},"end":{"line":359,"column":64}},{"start":{"line":359,"column":68},"end":{"line":359,"column":70}}]},"51":{"loc":{"start":{"line":391,"column":6},"end":{"line":393,"column":7}},"type":"if","locations":[{"start":{"line":391,"column":6},"end":{"line":393,"column":7}},{"start":{},"end":{}}]},"52":{"loc":{"start":{"line":412,"column":15},"end":{"line":412,"column":71}},"type":"cond-expr","locations":[{"start":{"line":412,"column":40},"end":{"line":412,"column":53}},{"start":{"line":412,"column":56},"end":{"line":412,"column":71}}]},"53":{"loc":{"start":{"line":413,"column":20},"end":{"line":413,"column":68}},"type":"cond-expr","locations":[{"start":{"line":413,"column":45},"end":{"line":413,"column":56}},{"start":{"line":413,"column":59},"end":{"line":413,"column":68}}]}},"s":{"0":2,"1":2,"2":2,"3":2,"4":2,"5":2,"6":2,"7":2,"8":2,"9":2,"10":9,"11":9,"12":9,"13":9,"14":9,"15":9,"16":0,"17":0,"18":0,"19":0,"20":0,"21":0,"22":0,"23":0,"24":0,"25":0,"26":0,"27":0,"28":0,"29":0,"30":1,"31":1,"32":1,"33":1,"34":1,"35":2,"36":2,"37":2,"38":1,"39":2,"40":1,"41":1,"42":1,"43":1,"44":2,"45":2,"46":1,"47":1,"48":1,"49":0,"50":0,"51":1,"52":1,"53":1,"54":1,"55":1,"56":1,"57":3,"58":3,"59":3,"60":1,"61":1,"62":2,"63":1,"64":1,"65":0,"66":0,"67":0,"68":0,"69":0,"70":0,"71":0,"72":0,"73":0,"74":0,"75":0,"76":0,"77":0,"78":0,"79":0,"80":0,"81":0,"82":0,"83":0,"84":0,"85":0,"86":0,"87":0,"88":0,"89":0,"90":0,"91":0,"92":0,"93":0,"94":0,"95":0,"96":0,"97":0,"98":0,"99":0,"100":0,"101":0,"102":0,"103":0,"104":0,"105":0,"106":0,"107":0,"108":0,"109":0},"f":{"0":9,"1":0,"2":1,"3":1,"4":2,"5":2,"6":1,"7":3,"8":0,"9":0,"10":0,"11":0,"12":0,"13":0,"14":0,"15":0,"16":0},"b":{"0":[0,9],"1":[9,9],"2":[9,1],"3":[1,8],"4":[9,9],"5":[0,0],"6":[0,0],"7":[0,0],"8":[0,0],"9":[0,0],"10":[0,0],"11":[0,0],"12":[0,0],"13":[0,0],"14":[0,0],"15":[0,0],"16":[0,0],"17":[0,0],"18":[0,0],"19":[0,0],"20":[0],"21":[1,1],"22":[0],"23":[1,1],"24":[0,1],"25":[1,2],"26":[1,0],"27":[0,1],"28":[1,1],"29":[0,1],"30":[1,1],"31":[0,1],"32":[1,1],"33":[0,1],"34":[1,1],"35":[0,0],"36":[0,0],"37":[0,0],"38":[0,0],"39":[0,0],"40":[0,0],"41":[0,0],"42":[0,0],"43":[0,0],"44":[0,0],"45":[0,0],"46":[0,0],"47":[0,0],"48":[0,0],"49":[0,0],"50":[0,0],"51":[0,0],"52":[0,0],"53":[0,0]}}
,"/Users/adamcabrera/Dev/arcgis-experience-builder-1.19/client/your-extensions/widgets/query-simple/src/runtime/widget.tsx": {"path":"/Users/adamcabrera/Dev/arcgis-experience-builder-1.19/client/your-extensions/widgets/query-simple/src/runtime/widget.tsx","statementMap":{"0":{"start":{"line":2,"column":0},"end":{"line":2,"column":204}},"1":{"start":{"line":3,"column":0},"end":{"line":3,"column":50}},"2":{"start":{"line":4,"column":0},"end":{"line":4,"column":74}},"3":{"start":{"line":5,"column":0},"end":{"line":5,"column":52}},"4":{"start":{"line":6,"column":0},"end":{"line":6,"column":57}},"5":{"start":{"line":7,"column":0},"end":{"line":7,"column":68}},"6":{"start":{"line":9,"column":0},"end":{"line":9,"column":51}},"7":{"start":{"line":10,"column":0},"end":{"line":10,"column":49}},"8":{"start":{"line":11,"column":0},"end":{"line":11,"column":57}},"9":{"start":{"line":12,"column":0},"end":{"line":12,"column":72}},"10":{"start":{"line":13,"column":0},"end":{"line":13,"column":53}},"11":{"start":{"line":14,"column":0},"end":{"line":14,"column":73}},"12":{"start":{"line":15,"column":0},"end":{"line":15,"column":87}},"13":{"start":{"line":16,"column":0},"end":{"line":16,"column":63}},"14":{"start":{"line":17,"column":0},"end":{"line":17,"column":43}},"15":{"start":{"line":19,"column":20},"end":{"line":19,"column":50}},"16":{"start":{"line":20,"column":20},"end":{"line":20,"column":45}},"17":{"start":{"line":25,"column":39},"end":{"line":25,"column":73}},"18":{"start":{"line":30,"column":40},"end":{"line":30,"column":79}},"19":{"start":{"line":45,"column":10},"end":{"line":45,"column":null}},"20":{"start":{"line":47,"column":2},"end":{"line":61,"column":null}},"21":{"start":{"line":63,"column":2},"end":{"line":65,"column":null}},"22":{"start":{"line":64,"column":4},"end":{"line":64,"column":null}},"23":{"start":{"line":66,"column":10},"end":{"line":66,"column":null}},"24":{"start":{"line":67,"column":10},"end":{"line":67,"column":null}},"25":{"start":{"line":68,"column":10},"end":{"line":68,"column":null}},"26":{"start":{"line":69,"column":10},"end":{"line":69,"column":null}},"27":{"start":{"line":70,"column":10},"end":{"line":70,"column":null}},"28":{"start":{"line":169,"column":2},"end":{"line":182,"column":null}},"29":{"start":{"line":170,"column":19},"end":{"line":170,"column":29}},"30":{"start":{"line":172,"column":18},"end":{"line":180,"column":6}},"31":{"start":{"line":181,"column":4},"end":{"line":181,"column":null}},"32":{"start":{"line":188,"column":2},"end":{"line":246,"column":null}},"33":{"start":{"line":190,"column":4},"end":{"line":245,"column":null}},"34":{"start":{"line":191,"column":6},"end":{"line":198,"column":7}},"35":{"start":{"line":192,"column":8},"end":{"line":196,"column":null}},"36":{"start":{"line":197,"column":8},"end":{"line":197,"column":14}},"37":{"start":{"line":200,"column":22},"end":{"line":200,"column":44}},"38":{"start":{"line":203,"column":6},"end":{"line":244,"column":7}},"39":{"start":{"line":204,"column":8},"end":{"line":220,"column":null}},"40":{"start":{"line":206,"column":26},"end":{"line":206,"column":36}},"41":{"start":{"line":207,"column":30},"end":{"line":207,"column":81}},"42":{"start":{"line":210,"column":12},"end":{"line":214,"column":13}},"43":{"start":{"line":211,"column":14},"end":{"line":211,"column":null}},"44":{"start":{"line":212,"column":14},"end":{"line":212,"column":null}},"45":{"start":{"line":213,"column":14},"end":{"line":213,"column":null}},"46":{"start":{"line":222,"column":8},"end":{"line":222,"column":null}},"47":{"start":{"line":223,"column":8},"end":{"line":227,"column":null}},"48":{"start":{"line":230,"column":8},"end":{"line":237,"column":16}},"49":{"start":{"line":231,"column":28},"end":{"line":231,"column":50}},"50":{"start":{"line":232,"column":10},"end":{"line":236,"column":11}},"51":{"start":{"line":233,"column":12},"end":{"line":233,"column":null}},"52":{"start":{"line":234,"column":12},"end":{"line":234,"column":null}},"53":{"start":{"line":235,"column":12},"end":{"line":235,"column":null}},"54":{"start":{"line":239,"column":8},"end":{"line":243,"column":null}},"55":{"start":{"line":251,"column":2},"end":{"line":261,"column":null}},"56":{"start":{"line":252,"column":4},"end":{"line":255,"column":5}},"57":{"start":{"line":253,"column":6},"end":{"line":253,"column":null}},"58":{"start":{"line":254,"column":6},"end":{"line":254,"column":null}},"59":{"start":{"line":257,"column":4},"end":{"line":260,"column":5}},"60":{"start":{"line":258,"column":6},"end":{"line":258,"column":null}},"61":{"start":{"line":259,"column":6},"end":{"line":259,"column":null}},"62":{"start":{"line":267,"column":10},"end":{"line":286,"column":null}},"63":{"start":{"line":268,"column":27},"end":{"line":268,"column":37}},"64":{"start":{"line":270,"column":4},"end":{"line":277,"column":null}},"65":{"start":{"line":280,"column":4},"end":{"line":280,"column":null}},"66":{"start":{"line":283,"column":4},"end":{"line":285,"column":5}},"67":{"start":{"line":284,"column":6},"end":{"line":284,"column":null}},"68":{"start":{"line":291,"column":10},"end":{"line":330,"column":null}},"69":{"start":{"line":291,"column":89},"end":{"line":330,"column":null}},"70":{"start":{"line":292,"column":19},"end":{"line":292,"column":29}},"71":{"start":{"line":294,"column":4},"end":{"line":329,"column":5}},"72":{"start":{"line":296,"column":28},"end":{"line":296,"column":71}},"73":{"start":{"line":297,"column":6},"end":{"line":305,"column":7}},"74":{"start":{"line":298,"column":8},"end":{"line":303,"column":null}},"75":{"start":{"line":304,"column":8},"end":{"line":304,"column":14}},"76":{"start":{"line":308,"column":6},"end":{"line":308,"column":null}},"77":{"start":{"line":309,"column":6},"end":{"line":309,"column":null}},"78":{"start":{"line":312,"column":6},"end":{"line":312,"column":null}},"79":{"start":{"line":314,"column":6},"end":{"line":320,"column":null}},"80":{"start":{"line":322,"column":6},"end":{"line":328,"column":null}},"81":{"start":{"line":336,"column":9},"end":{"line":366,"column":null}},"82":{"start":{"line":336,"column":78},"end":{"line":366,"column":null}},"83":{"start":{"line":337,"column":27},"end":{"line":337,"column":37}},"84":{"start":{"line":340,"column":4},"end":{"line":348,"column":5}},"85":{"start":{"line":341,"column":6},"end":{"line":346,"column":null}},"86":{"start":{"line":347,"column":6},"end":{"line":347,"column":12}},"87":{"start":{"line":351,"column":20},"end":{"line":351,"column":75}},"88":{"start":{"line":352,"column":4},"end":{"line":362,"column":5}},"89":{"start":{"line":353,"column":6},"end":{"line":360,"column":null}},"90":{"start":{"line":361,"column":6},"end":{"line":361,"column":12}},"91":{"start":{"line":365,"column":4},"end":{"line":365,"column":null}},"92":{"start":{"line":371,"column":10},"end":{"line":386,"column":null}},"93":{"start":{"line":372,"column":19},"end":{"line":372,"column":29}},"94":{"start":{"line":373,"column":20},"end":{"line":373,"column":43}},"95":{"start":{"line":375,"column":4},"end":{"line":385,"column":5}},"96":{"start":{"line":376,"column":6},"end":{"line":376,"column":null}},"97":{"start":{"line":377,"column":6},"end":{"line":377,"column":null}},"98":{"start":{"line":378,"column":6},"end":{"line":378,"column":null}},"99":{"start":{"line":380,"column":6},"end":{"line":384,"column":null}},"100":{"start":{"line":392,"column":9},"end":{"line":423,"column":null}},"101":{"start":{"line":393,"column":23},"end":{"line":393,"column":33}},"102":{"start":{"line":394,"column":26},"end":{"line":394,"column":55}},"103":{"start":{"line":396,"column":4},"end":{"line":422,"column":5}},"104":{"start":{"line":397,"column":6},"end":{"line":403,"column":null}},"105":{"start":{"line":405,"column":37},"end":{"line":405,"column":70}},"106":{"start":{"line":406,"column":6},"end":{"line":406,"column":null}},"107":{"start":{"line":408,"column":6},"end":{"line":413,"column":null}},"108":{"start":{"line":415,"column":6},"end":{"line":421,"column":null}},"109":{"start":{"line":429,"column":2},"end":{"line":449,"column":null}},"110":{"start":{"line":430,"column":4},"end":{"line":430,"column":null}},"111":{"start":{"line":430,"column":33},"end":{"line":430,"column":null}},"112":{"start":{"line":432,"column":20},"end":{"line":432,"column":42}},"113":{"start":{"line":433,"column":18},"end":{"line":433,"column":50}},"114":{"start":{"line":434,"column":17},"end":{"line":434,"column":48}},"115":{"start":{"line":437,"column":6},"end":{"line":445,"column":20}},"116":{"start":{"line":448,"column":4},"end":{"line":448,"column":null}},"117":{"start":{"line":455,"column":2},"end":{"line":546,"column":null}},"118":{"start":{"line":456,"column":24},"end":{"line":456,"column":159}},"119":{"start":{"line":457,"column":19},"end":{"line":457,"column":29}},"120":{"start":{"line":460,"column":4},"end":{"line":462,"column":5}},"121":{"start":{"line":461,"column":6},"end":{"line":461,"column":12}},"122":{"start":{"line":464,"column":25},"end":{"line":464,"column":96}},"123":{"start":{"line":469,"column":4},"end":{"line":476,"column":5}},"124":{"start":{"line":470,"column":6},"end":{"line":474,"column":null}},"125":{"start":{"line":475,"column":6},"end":{"line":475,"column":12}},"126":{"start":{"line":480,"column":31},"end":{"line":481,"column":91}},"127":{"start":{"line":482,"column":36},"end":{"line":482,"column":78}},"128":{"start":{"line":483,"column":27},"end":{"line":485,"column":64}},"129":{"start":{"line":489,"column":28},"end":{"line":491,"column":88}},"130":{"start":{"line":493,"column":4},"end":{"line":512,"column":null}},"131":{"start":{"line":514,"column":4},"end":{"line":530,"column":null}},"132":{"start":{"line":532,"column":4},"end":{"line":545,"column":null}},"133":{"start":{"line":553,"column":10},"end":{"line":691,"column":null}},"134":{"start":{"line":554,"column":24},"end":{"line":554,"column":null}},"135":{"start":{"line":560,"column":19},"end":{"line":560,"column":29}},"136":{"start":{"line":563,"column":4},"end":{"line":565,"column":5}},"137":{"start":{"line":564,"column":6},"end":{"line":564,"column":12}},"138":{"start":{"line":567,"column":25},"end":{"line":567,"column":59}},"139":{"start":{"line":568,"column":31},"end":{"line":569,"column":91}},"140":{"start":{"line":571,"column":4},"end":{"line":584,"column":null}},"141":{"start":{"line":587,"column":4},"end":{"line":594,"column":5}},"142":{"start":{"line":588,"column":6},"end":{"line":592,"column":null}},"143":{"start":{"line":593,"column":6},"end":{"line":593,"column":12}},"144":{"start":{"line":597,"column":4},"end":{"line":608,"column":5}},"145":{"start":{"line":598,"column":6},"end":{"line":607,"column":null}},"146":{"start":{"line":611,"column":4},"end":{"line":633,"column":5}},"147":{"start":{"line":612,"column":6},"end":{"line":622,"column":7}},"148":{"start":{"line":613,"column":8},"end":{"line":620,"column":null}},"149":{"start":{"line":621,"column":8},"end":{"line":621,"column":14}},"150":{"start":{"line":625,"column":6},"end":{"line":629,"column":null}},"151":{"start":{"line":631,"column":6},"end":{"line":631,"column":null}},"152":{"start":{"line":632,"column":6},"end":{"line":632,"column":12}},"153":{"start":{"line":636,"column":4},"end":{"line":646,"column":5}},"154":{"start":{"line":637,"column":6},"end":{"line":645,"column":null}},"155":{"start":{"line":650,"column":4},"end":{"line":658,"column":5}},"156":{"start":{"line":651,"column":6},"end":{"line":656,"column":null}},"157":{"start":{"line":657,"column":6},"end":{"line":657,"column":12}},"158":{"start":{"line":661,"column":4},"end":{"line":669,"column":5}},"159":{"start":{"line":662,"column":6},"end":{"line":667,"column":null}},"160":{"start":{"line":668,"column":6},"end":{"line":668,"column":12}},"161":{"start":{"line":672,"column":4},"end":{"line":680,"column":5}},"162":{"start":{"line":673,"column":6},"end":{"line":678,"column":null}},"163":{"start":{"line":679,"column":6},"end":{"line":679,"column":12}},"164":{"start":{"line":683,"column":4},"end":{"line":688,"column":null}},"165":{"start":{"line":690,"column":4},"end":{"line":690,"column":null}},"166":{"start":{"line":697,"column":10},"end":{"line":937,"column":null}},"167":{"start":{"line":698,"column":63},"end":{"line":698,"column":73}},"168":{"start":{"line":699,"column":19},"end":{"line":699,"column":29}},"169":{"start":{"line":701,"column":4},"end":{"line":710,"column":null}},"170":{"start":{"line":713,"column":31},"end":{"line":714,"column":79}},"171":{"start":{"line":718,"column":4},"end":{"line":738,"column":5}},"172":{"start":{"line":719,"column":6},"end":{"line":728,"column":null}},"173":{"start":{"line":730,"column":6},"end":{"line":737,"column":null}},"174":{"start":{"line":740,"column":4},"end":{"line":857,"column":5}},"175":{"start":{"line":742,"column":32},"end":{"line":742,"column":86}},"176":{"start":{"line":743,"column":24},"end":{"line":743,"column":55}},"177":{"start":{"line":745,"column":6},"end":{"line":813,"column":null}},"178":{"start":{"line":746,"column":25},"end":{"line":746,"column":39}},"179":{"start":{"line":747,"column":54},"end":{"line":747,"column":58}},"180":{"start":{"line":750,"column":25},"end":{"line":750,"column":75}},"181":{"start":{"line":751,"column":8},"end":{"line":762,"column":9}},"182":{"start":{"line":752,"column":10},"end":{"line":752,"column":null}},"183":{"start":{"line":754,"column":10},"end":{"line":761,"column":null}},"184":{"start":{"line":765,"column":8},"end":{"line":797,"column":9}},"185":{"start":{"line":766,"column":24},"end":{"line":766,"column":50}},"186":{"start":{"line":767,"column":33},"end":{"line":767,"column":53}},"187":{"start":{"line":769,"column":10},"end":{"line":796,"column":11}},"188":{"start":{"line":771,"column":12},"end":{"line":795,"column":13}},"189":{"start":{"line":772,"column":14},"end":{"line":794,"column":15}},"190":{"start":{"line":774,"column":36},"end":{"line":774,"column":74}},"191":{"start":{"line":775,"column":39},"end":{"line":775,"column":104}},"192":{"start":{"line":775,"column":81},"end":{"line":775,"column":103}},"193":{"start":{"line":777,"column":16},"end":{"line":791,"column":17}},"194":{"start":{"line":779,"column":18},"end":{"line":779,"column":null}},"195":{"start":{"line":781,"column":18},"end":{"line":789,"column":null}},"196":{"start":{"line":790,"column":18},"end":{"line":790,"column":23}},"197":{"start":{"line":799,"column":8},"end":{"line":812,"column":9}},"198":{"start":{"line":800,"column":10},"end":{"line":802,"column":11}},"199":{"start":{"line":801,"column":12},"end":{"line":801,"column":null}},"200":{"start":{"line":803,"column":10},"end":{"line":803,"column":null}},"201":{"start":{"line":805,"column":10},"end":{"line":811,"column":null}},"202":{"start":{"line":815,"column":6},"end":{"line":821,"column":null}},"203":{"start":{"line":824,"column":42},"end":{"line":824,"column":70}},"204":{"start":{"line":825,"column":31},"end":{"line":825,"column":77}},"205":{"start":{"line":826,"column":28},"end":{"line":826,"column":70}},"206":{"start":{"line":827,"column":22},"end":{"line":827,"column":58}},"207":{"start":{"line":829,"column":6},"end":{"line":854,"column":null}},"208":{"start":{"line":830,"column":26},"end":{"line":830,"column":53}},"209":{"start":{"line":830,"column":43},"end":{"line":830,"column":52}},"210":{"start":{"line":831,"column":8},"end":{"line":853,"column":9}},"211":{"start":{"line":834,"column":11},"end":{"line":836,"column":null}},"212":{"start":{"line":834,"column":23},"end":{"line":836,"column":12}},"213":{"start":{"line":835,"column":12},"end":{"line":835,"column":null}},"214":{"start":{"line":838,"column":10},"end":{"line":844,"column":null}},"215":{"start":{"line":846,"column":10},"end":{"line":852,"column":null}},"216":{"start":{"line":856,"column":6},"end":{"line":856,"column":12}},"217":{"start":{"line":861,"column":4},"end":{"line":871,"column":5}},"218":{"start":{"line":862,"column":6},"end":{"line":870,"column":null}},"219":{"start":{"line":874,"column":4},"end":{"line":884,"column":5}},"220":{"start":{"line":875,"column":6},"end":{"line":882,"column":null}},"221":{"start":{"line":883,"column":6},"end":{"line":883,"column":12}},"222":{"start":{"line":886,"column":22},"end":{"line":886,"column":53}},"223":{"start":{"line":887,"column":21},"end":{"line":887,"column":96}},"224":{"start":{"line":889,"column":4},"end":{"line":896,"column":5}},"225":{"start":{"line":890,"column":6},"end":{"line":894,"column":null}},"226":{"start":{"line":895,"column":6},"end":{"line":895,"column":12}},"227":{"start":{"line":899,"column":23},"end":{"line":899,"column":59}},"228":{"start":{"line":900,"column":28},"end":{"line":901,"column":null}},"229":{"start":{"line":901,"column":6},"end":{"line":901,"column":54}},"230":{"start":{"line":904,"column":4},"end":{"line":911,"column":5}},"231":{"start":{"line":905,"column":6},"end":{"line":909,"column":null}},"232":{"start":{"line":910,"column":6},"end":{"line":910,"column":12}},"233":{"start":{"line":915,"column":4},"end":{"line":936,"column":5}},"234":{"start":{"line":916,"column":42},"end":{"line":916,"column":70}},"235":{"start":{"line":917,"column":31},"end":{"line":917,"column":77}},"236":{"start":{"line":918,"column":28},"end":{"line":918,"column":70}},"237":{"start":{"line":919,"column":22},"end":{"line":919,"column":58}},"238":{"start":{"line":920,"column":7},"end":{"line":922,"column":null}},"239":{"start":{"line":920,"column":19},"end":{"line":922,"column":8}},"240":{"start":{"line":921,"column":8},"end":{"line":921,"column":null}},"241":{"start":{"line":924,"column":6},"end":{"line":929,"column":null}},"242":{"start":{"line":931,"column":6},"end":{"line":935,"column":null}},"243":{"start":{"line":943,"column":10},"end":{"line":977,"column":null}},"244":{"start":{"line":944,"column":4},"end":{"line":951,"column":null}},"245":{"start":{"line":954,"column":4},"end":{"line":964,"column":5}},"246":{"start":{"line":955,"column":6},"end":{"line":963,"column":7}},"247":{"start":{"line":956,"column":8},"end":{"line":961,"column":null}},"248":{"start":{"line":962,"column":8},"end":{"line":962,"column":null}},"249":{"start":{"line":967,"column":4},"end":{"line":976,"column":5}},"250":{"start":{"line":968,"column":6},"end":{"line":972,"column":null}},"251":{"start":{"line":973,"column":6},"end":{"line":973,"column":null}},"252":{"start":{"line":975,"column":6},"end":{"line":975,"column":null}},"253":{"start":{"line":979,"column":10},"end":{"line":1006,"column":null}},"254":{"start":{"line":980,"column":4},"end":{"line":980,"column":24}},"255":{"start":{"line":980,"column":18},"end":{"line":980,"column":24}},"256":{"start":{"line":982,"column":17},"end":{"line":982,"column":50}},"257":{"start":{"line":983,"column":22},"end":{"line":983,"column":47}},"258":{"start":{"line":985,"column":4},"end":{"line":1005,"column":5}},"259":{"start":{"line":986,"column":6},"end":{"line":986,"column":null}},"260":{"start":{"line":987,"column":22},"end":{"line":987,"column":42}},"261":{"start":{"line":989,"column":6},"end":{"line":994,"column":null}},"262":{"start":{"line":997,"column":6},"end":{"line":999,"column":null}},"263":{"start":{"line":1002,"column":6},"end":{"line":1004,
[...]
,"column":22}},"30":{"start":{"line":66,"column":4},"end":{"line":66,"column":null}},"31":{"start":{"line":67,"column":4},"end":{"line":67,"column":null}},"32":{"start":{"line":68,"column":4},"end":{"line":68,"column":null}},"33":{"start":{"line":74,"column":2},"end":{"line":102,"column":3}},"34":{"start":{"line":75,"column":4},"end":{"line":75,"column":null}},"35":{"start":{"line":76,"column":4},"end":{"line":76,"column":null}},"36":{"start":{"line":77,"column":9},"end":{"line":102,"column":3}},"37":{"start":{"line":78,"column":4},"end":{"line":78,"column":null}},"38":{"start":{"line":79,"column":4},"end":{"line":79,"column":null}},"39":{"start":{"line":80,"column":4},"end":{"line":80,"column":null}},"40":{"start":{"line":81,"column":9},"end":{"line":102,"column":3}},"41":{"start":{"line":82,"column":16},"end":{"line":82,"column":18}},"42":{"start":{"line":83,"column":21},"end":{"line":83,"column":60}},"43":{"start":{"line":84,"column":4},"end":{"line":88,"column":5}},"44":{"start":{"line":85,"column":6},"end":{"line":85,"column":null}},"45":{"start":{"line":86,"column":11},"end":{"line":88,"column":5}},"46":{"start":{"line":87,"column":6},"end":{"line":87,"column":null}},"47":{"start":{"line":90,"column":21},"end":{"line":90,"column":80}},"48":{"start":{"line":91,"column":21},"end":{"line":93,"column":32}},"49":{"start":{"line":94,"column":24},"end":{"line":94,"column":67}},"50":{"start":{"line":96,"column":4},"end":{"line":96,"column":null}},"51":{"start":{"line":97,"column":4},"end":{"line":97,"column":null}},"52":{"start":{"line":98,"column":4},"end":{"line":101,"column":null}},"53":{"start":{"line":103,"column":2},"end":{"line":123,"column":null}}},"fnMap":{"0":{"name":"DataSourceTip","decl":{"start":{"line":34,"column":16},"end":{"line":34,"column":29}},"loc":{"start":{"line":34,"column":50},"end":{"line":124,"column":1}}},"1":{"name":"(anonymous_1)","decl":{"start":{"line":41,"column":47},"end":{"line":41,"column":48}},"loc":{"start":{"line":41,"column":74},"end":{"line":58,"column":3}}},"2":{"name":"(anonymous_2)","decl":{"start":{"line":60,"column":44},"end":{"line":60,"column":45}},"loc":{"start":{"line":60,"column":63},"end":{"line":63,"column":3}}},"3":{"name":"(anonymous_3)","decl":{"start":{"line":65,"column":49},"end":{"line":65,"column":52}},"loc":{"start":{"line":65,"column":54},"end":{"line":69,"column":3}}}},"branchMap":{"0":{"loc":{"start":{"line":35,"column":72},"end":{"line":35,"column":91}},"type":"default-arg","locations":[{"start":{"line":35,"column":86},"end":{"line":35,"column":91}}]},"1":{"loc":{"start":{"line":42,"column":4},"end":{"line":57,"column":5}},"type":"if","locations":[{"start":{"line":42,"column":4},"end":{"line":57,"column":5}},{"start":{},"end":{}}]},"2":{"loc":{"start":{"line":44,"column":6},"end":{"line":56,"column":7}},"type":"if","locations":[{"start":{"line":44,"column":6},"end":{"line":56,"column":7}},{"start":{"line":47,"column":13},"end":{"line":56,"column":7}}]},"3":{"loc":{"start":{"line":46,"column":8},"end":{"line":46,"column":31}},"type":"cond-expr","locations":[{"start":{"line":46,"column":22},"end":{"line":46,"column":25}},{"start":{"line":46,"column":8},"end":{"line":46,"column":31}}]},"4":{"loc":{"start":{"line":46,"column":8},"end":{"line":46,"column":25}},"type":"binary-expr","locations":[{"start":{"line":46,"column":8},"end":{"line":46,"column":25}},{"start":{"line":46,"column":8},"end":{"line":46,"column":25}}]},"5":{"loc":{"start":{"line":47,"column":13},"end":{"line":56,"column":7}},"type":"if","locations":[{"start":{"line":47,"column":13},"end":{"line":56,"column":7}},{"start":{"line":50,"column":13},"end":{"line":56,"column":7}}]},"6":{"loc":{"start":{"line":47,"column":17},"end":{"line":47,"column":105}},"type":"binary-expr","locations":[{"start":{"line":47,"column":17},"end":{"line":47,"column":64}},{"start":{"line":47,"column":68},"end":{"line":47,"column":105}}]},"7":{"loc":{"start":{"line":49,"column":8},"end":{"line":49,"column":31}},"type":"cond-expr","locations":[{"start":{"line":49,"column":22},"end":{"line":49,"column":25}},{"start":{"line":49,"column":8},"end":{"line":49,"column":31}}]},"8":{"loc":{"start":{"line":49,"column":8},"end":{"line":49,"column":25}},"type":"binary-expr","locations":[{"start":{"line":49,"column":8},"end":{"line":49,"column":25}},{"start":{"line":49,"column":8},"end":{"line":49,"column":25}}]},"9":{"loc":{"start":{"line":50,"column":13},"end":{"line":56,"column":7}},"type":"if","locations":[{"start":{"line":50,"column":13},"end":{"line":56,"column":7}},{"start":{"line":53,"column":13},"end":{"line":56,"column":7}}]},"10":{"loc":{"start":{"line":52,"column":8},"end":{"line":52,"column":31}},"type":"cond-expr","locations":[{"start":{"line":52,"column":22},"end":{"line":52,"column":25}},{"start":{"line":52,"column":8},"end":{"line":52,"column":31}}]},"11":{"loc":{"start":{"line":52,"column":8},"end":{"line":52,"column":25}},"type":"binary-expr","locations":[{"start":{"line":52,"column":8},"end":{"line":52,"column":25}},{"start":{"line":52,"column":8},"end":{"line":52,"column":25}}]},"12":{"loc":{"start":{"line":55,"column":8},"end":{"line":55,"column":30}},"type":"cond-expr","locations":[{"start":{"line":55,"column":22},"end":{"line":55,"column":25}},{"start":{"line":55,"column":8},"end":{"line":55,"column":30}}]},"13":{"loc":{"start":{"line":55,"column":8},"end":{"line":55,"column":25}},"type":"binary-expr","locations":[{"start":{"line":55,"column":8},"end":{"line":55,"column":25}},{"start":{"line":55,"column":8},"end":{"line":55,"column":25}}]},"14":{"loc":{"start":{"line":62,"column":4},"end":{"line":62,"column":29}},"type":"cond-expr","locations":[{"start":{"line":62,"column":23},"end":{"line":62,"column":26}},{"start":{"line":62,"column":4},"end":{"line":62,"column":29}}]},"15":{"loc":{"start":{"line":62,"column":4},"end":{"line":62,"column":26}},"type":"binary-expr","locations":[{"start":{"line":62,"column":4},"end":{"line":62,"column":26}},{"start":{"line":62,"column":4},"end":{"line":62,"column":26}}]},"16":{"loc":{"start":{"line":68,"column":4},"end":{"line":68,"column":27}},"type":"cond-expr","locations":[{"start":{"line":68,"column":18},"end":{"line":68,"column":21}},{"start":{"line":68,"column":4},"end":{"line":68,"column":27}}]},"17":{"loc":{"start":{"line":68,"column":4},"end":{"line":68,"column":21}},"type":"binary-expr","locations":[{"start":{"line":68,"column":4},"end":{"line":68,"column":21}},{"start":{"line":68,"column":4},"end":{"line":68,"column":21}}]},"18":{"loc":{"start":{"line":74,"column":2},"end":{"line":102,"column":3}},"type":"if","locations":[{"start":{"line":74,"column":2},"end":{"line":102,"column":3}},{"start":{"line":77,"column":9},"end":{"line":102,"column":3}}]},"19":{"loc":{"start":{"line":77,"column":9},"end":{"line":102,"column":3}},"type":"if","locations":[{"start":{"line":77,"column":9},"end":{"line":102,"column":3}},{"start":{"line":81,"column":9},"end":{"line":102,"column":3}}]},"20":{"loc":{"start":{"line":77,"column":13},"end":{"line":77,"column":46}},"type":"binary-expr","locations":[{"start":{"line":77,"column":13},"end":{"line":77,"column":22}},{"start":{"line":77,"column":26},"end":{"line":77,"column":46}}]},"21":{"loc":{"start":{"line":81,"column":9},"end":{"line":102,"column":3}},"type":"if","locations":[{"start":{"line":81,"column":9},"end":{"line":102,"column":3}},{"start":{},"end":{}}]},"22":{"loc":{"start":{"line":83,"column":21},"end":{"line":83,"column":60}},"type":"cond-expr","locations":[{"start":{"line":83,"column":55},"end":{"line":83,"column":58}},{"start":{"line":83,"column":55},"end":{"line":83,"column":60}}]},"23":{"loc":{"start":{"line":83,"column":21},"end":{"line":83,"column":58}},"type":"binary-expr","locations":[{"start":{"line":83,"column":21},"end":{"line":83,"column":58}},{"start":{"line":83,"column":55},"end":{"line":83,"column":58}}]},"24":{"loc":{"start":{"line":83,"column":21},"end":{"line":83,"column":55}},"type":"cond-expr","locations":[{"start":{"line":83,"column":31},"end":{"line":83,"column":33}},{"start":{"line":83,"column":21},"end":{"line":83,"column":55}}]},"25":{"loc":{"start":{"line":83,"column":21},"end":{"line":83,"column":33}},"type":"binary-expr","locations":[{"start":{"line":83,"column":21},"end":{"line":83,"column":33}},{"start":{"line":83,"column":21},"end":{"line":83,"column":33}}]},"26":{"loc":{"start":{"line":84,"column":4},"end":{"line":88,"column":5}},"type":"if","locations":[{"start":{"line":84,"column":4},"end":{"line":88,"column":5}},{"start":{"line":86,"column":11},"end":{"line":88,"column":5}}]},"27":{"loc":{"start":{"line":85,"column":14},"end":{"line":85,"column":77}},"type":"binary-expr","locations":[{"start":{"line":85,"column":14},"end":{"line":85,"column":33}},{"start":{"line":85,"column":37},"end":{"line":85,"column":77}}]},"28":{"loc":{"start":{"line":86,"column":11},"end":{"line":88,"column":5}},"type":"if","locations":[{"start":{"line":86,"column":11},"end":{"line":88,"column":5}},{"start":{},"end":{}}]},"29":{"loc":{"start":{"line":87,"column":14},"end":{"line":87,"column":75}},"type":"binary-expr","locations":[{"start":{"line":87,"column":14},"end":{"line":87,"column":35}},{"start":{"line":87,"column":39},"end":{"line":87,"column":75}}]},"30":{"loc":{"start":{"line":91,"column":21},"end":{"line":93,"column":32}},"type":"cond-expr","locations":[{"start":{"line":92,"column":8},"end":{"line":92,"column":50}},{"start":{"line":93,"column":8},"end":{"line":93,"column":32}}]},"31":{"loc":{"start":{"line":91,"column":21},"end":{"line":91,"column":50}},"type":"cond-expr","locations":[{"start":{"line":91,"column":39},"end":{"line":91,"column":41}},{"start":{"line":91,"column":39},"end":{"line":91,"column":50}}]},"32":{"loc":{"start":{"line":91,"column":21},"end":{"line":91,"column":41}},"type":"binary-expr","locations":[{"start":{"line":91,"column":21},"end":{"line":91,"column":41}},{"start":{"line":91,"column":39},"end":{"line":91,"column":41}}]},"33":{"loc":{"start":{"line":91,"column":21},"end":{"line":91,"column":39}},"type":"cond-expr","locations":[{"start":{"line":91,"column":27},"end":{"line":91,"column":29}},{"start":{"line":91,"column":21},"end":{"line":91,"column":39}}]},"34":{"loc":{"start":{"line":91,"column":21},"end":{"line":91,"column":29}},"type":"binary-expr","locations":[{"start":{"line":91,"column":21},"end":{"line":91,"column":29}},{"start":{"line":91,"column":21},"end":{"line":91,"column":29}}]},"35":{"loc":{"start":{"line":94,"column":24},"end":{"line":94,"column":67}},"type":"cond-expr","locations":[{"start":{"line":94,"column":60},"end":{"line":94,"column":62}},{"start":{"line":94,"column":60},"end":{"line":94,"column":67}}]},"36":{"loc":{"start":{"line":94,"column":24},"end":{"line":94,"column":62}},"type":"binary-expr","locations":[{"start":{"line":94,"column":24},"end":{"line":94,"column":62}},{"start":{"line":94,"column":60},"end":{"line":94,"column":62}}]},"37":{"loc":{"start":{"line":99,"column":21},"end":{"line":99,"column":32}},"type":"cond-expr","locations":[{"start":{"line":99,"column":21},"end":{"line":99,"column":26}},{"start":{"line":99,"column":30},"end":{"line":99,"column":32}}]},"38":{"loc":{"start":{"line":99,"column":21},"end":{"line":99,"column":30}},"type":"binary-expr","locations":[{"start":{"line":99,"column":21},"end":{"line":99,"column":30}},{"start":{"line":99,"column":21},"end":{"line":99,"column":30}}]},"39":{"loc":{"start":{"line":100,"column":24},"end":{"line":100,"column":41}},"type":"cond-expr","locations":[{"start":{"line":100,"column":24},"end":{"line":100,"column":35}},{"start":{"line":100,"column":39},"end":{"line":100,"column":41}}]},"40":{"loc":{"start":{"line":100,"column":24},"end":{"line":100,"column":39}},"type":"binary-expr","locations":[{"start":{"line":100,"column":24},"end":{"line":100,"column":39}},{"start":{"line":100,"column":24},"end":{"line":100,"column":39}}]},"41":{"loc":{"start":{"line":105,"column":7},"end":{"line":111,"column":null}},"type":"binary-expr","locations":[{"start":{"line":105,"column":7},"end":{"line":105,"column":15}},{"start":{"line":106,"column":8},"end":{"line":110,"column":null}}]},"42":{"loc":{"start":{"line":113,"column":7},"end":{"line":113,"column":109}},"type":"binary-expr","locations":[{"start":{"line":113,"column":7},"end":{"line":113,"column":30}},{"start":{"line":113,"column":34},"end":{"line":113,"column":109}}]},"43":{"loc":{"start":{"line":114,"column":7},"end":{"line":120,"column":null}},"type":"binary-expr","locations":[{"start":{"line":114,"column":8},"end":{"line":114,"column":17}},{"start":{"line":114,"column":21},"end":{"line":114,"column":41}},{"start":{"line":114,"column":45},"end":{"line":114,"column":67}},{"start":{"line":115,"column":8},"end":{"line":119,"column":null}}]},"44":{"loc":{"start":{"line":119,"column":11},"end":{"line":119,"column":75}},"type":"binary-expr","locations":[{"start":{"line":119,"column":11},"end":{"line":119,"column":22}},{"start":{"line":119,"column":26},"end":{"line":119,"column":75}}]}},"s":{"0":2,"1":2,"2":2,"3":2,"4":2,"5":2,"6":2,"7":3,"8":3,"9":3,"10":3,"11":3,"12":3,"13":0,"14":0,"15":0,"16":0,"17":0,"18":0,"19":0,"20":0,"21":0,"22":0,"23":0,"24":0,"25":0,"26":3,"27":0,"28":0,"29":3,"30":0,"31":0,"32":0,"33":3,"34":0,"35":0,"36":3,"37":2,"38":2,"39":2,"40":1,"41":0,"42":0,"43":0,"44":0,"45":0,"46":0,"47":0,"48":0,"49":0,"50":0,"51":0,"52":0,"53":3},"f":{"0":3,"1":0,"2":0,"3":0},"b":{"0":[2],"1":[0,0],"2":[0,0],"3":[0,0],"4":[0,0],"5":[0,0],"6":[0,0],"7":[0,0],"8":[0,0],"9":[0,0],"10":[0,0],"11":[0,0],"12":[0,0],"13":[0,0],"14":[0,0],"15":[0,0],"16":[0,0],"17":[0,0],"18":[0,3],"19":[2,1],"20":[3,1],"21":[0,1],"22":[0,0],"23":[0,0],"24":[0,0],"25":[0,0],"26":[0,0],"27":[0,0],"28":[0,0],"29":[0,0],"30":[0,0],"31":[0,0],"32":[0,0],"33":[0,0],"34":[0,0],"35":[0,0],"36":[0,0],"37":[0,0],"38":[0,0],"39":[0,0],"40":[0,0],"41":[3,1],"42":[3,0],"43":[3,1,1,2],"44":[2,1]}}
,"/Users/adamcabrera/Dev/arcgis-experience-builder-1.19/client/your-extensions/widgets/shared-code/common/utils.tsx": {"path":"/Users/adamcabrera/Dev/arcgis-experience-builder-1.19/client/your-extensions/widgets/shared-code/common/utils.tsx","statementMap":{"0":{"start":{"line":17,"column":0},"end":{"line":17,"column":16}},"1":{"start":{"line":26,"column":0},"end":{"line":26,"column":16}},"2":{"start":{"line":7,"column":33},"end":{"line":7,"column":126}},"3":{"start":{"line":7,"column":55},"end":{"line":7,"column":126}},"4":{"start":{"line":7,"column":96},"end":{"line":7,"column":106}},"5":{"start":{"line":7,"column":13},"end":{"line":7,"column":33}},"6":{"start":{"line":18,"column":41},"end":{"line":18,"column":54}},"7":{"start":{"line":19,"column":45},"end":{"line":22,"column":3}},"8":{"start":{"line":20,"column":33},"end":{"line":20,"column":46}},"9":{"start":{"line":21,"column":4},"end":{"line":21,"column":null}},"10":{"start":{"line":23,"column":2},"end":{"line":23,"column":null}},"11":{"start":{"line":27,"column":17},"end":{"line":27,"column":19}},"12":{"start":{"line":28,"column":2},"end":{"line":34,"column":3}},"13":{"start":{"line":29,"column":4},"end":{"line":33,"column":null}},"14":{"start":{"line":30,"column":6},"end":{"line":32,"column":7}},"15":{"start":{"line":31,"column":8},"end":{"line":31,"column":null}},"16":{"start":{"line":35,"column":2},"end":{"line":35,"column":null}}},"fnMap":{"0":{"name":"(anonymous_0)","decl":{"start":{"line":7,"column":33},"end":{"line":7,"column":34}},"loc":{"start":{"line":7,"column":55},"end":{"line":7,"column":126}}},"1":{"name":"(anonymous_1)","decl":{"start":{"line":7,"column":91},"end":{"line":7,"column":92}},"loc":{"start":{"line":7,"column":96},"end":{"line":7,"column":106}}},"2":{"name":"createGetI18nMessage","decl":{"start":{"line":17,"column":16},"end":{"line":17,"column":36}},"loc":{"start":{"line":17,"column":89},"end":{"line":24,"column":1}}},"3":{"name":"(anonymous_3)","decl":{"start":{"line":19,"column":45},"end":{"line":19,"column":46}},"loc":{"start":{"line":19,"column":61},"end":{"line":22,"column":3}}},"4":{"name":"getFieldInfosInPopupContent","decl":{"start":{"line":26,"column":16},"end":{"line":26,"column":43}},"loc":{"start":{"line":26,"column":66},"end":{"line":36,"column":1}}},"5":{"name":"(anonymous_5)","decl":{"start":{"line":29,"column":36},"end":{"line":29,"column":43}},"loc":{"start":{"line":29,"column":46},"end":{"line":33,"column":5}}}},"branchMap":{"0":{"loc":{"start":{"line":7,"column":40},"end":{"line":7,"column":50}},"type":"default-arg","locations":[{"start":{"line":7,"column":48},"end":{"line":7,"column":50}}]},"1":{"loc":{"start":{"line":7,"column":55},"end":{"line":7,"column":126}},"type":"cond-expr","locations":[{"start":{"line":7,"column":78},"end":{"line":7,"column":107}},{"start":{"line":7,"column":110},"end":{"line":7,"column":126}}]},"2":{"loc":{"start":{"line":18,"column":16},"end":{"line":18,"column":36}},"type":"default-arg","locations":[{"start":{"line":18,"column":34},"end":{"line":18,"column":36}}]},"3":{"loc":{"start":{"line":18,"column":41},"end":{"line":18,"column":54}},"type":"binary-expr","locations":[{"start":{"line":18,"column":41},"end":{"line":18,"column":48}},{"start":{"line":18,"column":52},"end":{"line":18,"column":54}}]},"4":{"loc":{"start":{"line":20,"column":33},"end":{"line":20,"column":46}},"type":"binary-expr","locations":[{"start":{"line":20,"column":33},"end":{"line":20,"column":40}},{"start":{"line":20,"column":44},"end":{"line":20,"column":46}}]},"5":{"loc":{"start":{"line":21,"column":53},"end":{"line":21,"column":80}},"type":"binary-expr","locations":[{"start":{"line":21,"column":53},"end":{"line":21,"column":61}},{"start":{"line":21,"column":65},"end":{"line":21,"column":80}}]},"6":{"loc":{"start":{"line":28,"column":2},"end":{"line":34,"column":3}},"type":"if","locations":[{"start":{"line":28,"column":2},"end":{"line":34,"column":3}},{"start":{},"end":{}}]},"7":{"loc":{"start":{"line":28,"column":6},"end":{"line":28,"column":38}},"type":"cond-expr","locations":[{"start":{"line":28,"column":30},"end":{"line":28,"column":32}},{"start":{"line":28,"column":30},"end":{"line":28,"column":38}}]},"8":{"loc":{"start":{"line":28,"column":6},"end":{"line":28,"column":32}},"type":"binary-expr","locations":[{"start":{"line":28,"column":6},"end":{"line":28,"column":32}},{"start":{"line":28,"column":30},"end":{"line":28,"column":32}}]},"9":{"loc":{"start":{"line":28,"column":6},"end":{"line":28,"column":30}},"type":"cond-expr","locations":[{"start":{"line":28,"column":15},"end":{"line":28,"column":17}},{"start":{"line":28,"column":6},"end":{"line":28,"column":30}}]},"10":{"loc":{"start":{"line":28,"column":6},"end":{"line":28,"column":17}},"type":"binary-expr","locations":[{"start":{"line":28,"column":6},"end":{"line":28,"column":17}},{"start":{"line":28,"column":6},"end":{"line":28,"column":17}}]},"11":{"loc":{"start":{"line":30,"column":6},"end":{"line":32,"column":7}},"type":"if","locations":[{"start":{"line":30,"column":6},"end":{"line":32,"column":7}},{"start":{},"end":{}}]},"12":{"loc":{"start":{"line":30,"column":10},"end":{"line":30,"column":69}},"type":"binary-expr","locations":[{"start":{"line":30,"column":10},"end":{"line":30,"column":35}},{"start":{"line":30,"column":39},"end":{"line":30,"column":69}}]},"13":{"loc":{"start":{"line":30,"column":39},"end":{"line":30,"column":65}},"type":"cond-expr","locations":[{"start":{"line":30,"column":57},"end":{"line":30,"column":59}},{"start":{"line":30,"column":57},"end":{"line":30,"column":65}}]},"14":{"loc":{"start":{"line":30,"column":39},"end":{"line":30,"column":59}},"type":"binary-expr","locations":[{"start":{"line":30,"column":39},"end":{"line":30,"column":59}},{"start":{"line":30,"column":57},"end":{"line":30,"column":59}}]}},"s":{"0":2,"1":2,"2":2,"3":3,"4":3,"5":2,"6":0,"7":0,"8":0,"9":0,"10":0,"11":4,"12":4,"13":2,"14":3,"15":1,"16":4},"f":{"0":3,"1":3,"2":0,"3":0,"4":4,"5":3},"b":{"0":[0],"1":[1,2],"2":[0],"3":[0,0],"4":[0,0],"5":[0,0],"6":[2,2],"7":[2,2],"8":[4,4],"9":[2,2],"10":[4,3],"11":[1,2],"12":[3,1],"13":[0,1],"14":[1,1]}}
}
